<?xml version="1.0" encoding="UTF-8"?>
<!-- Generated by org.testng.reporters.JUnitXMLReporter -->
<testsuite ignored="0" hostname="Maymanaf" failures="0" tests="48" name="Surefire test" time="831.094" errors="0" timestamp="2022-02-08T14:21:46 GMT+01:00">
  <testcase classname="com.expertteam.ImproveSW.CursusTest" name="ElementofNosCursusTest" time="3.256"/>
  <testcase classname="com.expertteam.ImproveSW.CursusTest" name="SelectTLAofNosCursusTest" time="7.191"/>
  <testcase classname="com.expertteam.ImproveSW.CursusTest" name="cursusTest" time="4.993"/>
  <testcase classname="com.expertteam.ImproveSW.CursusTest" name="cursusTest" time="5.74"/>
  <testcase classname="com.expertteam.ImproveSW.CursusTest" name="cursusTest" time="5.315"/>
  <testcase classname="com.expertteam.ImproveSW.CursusTest" name="cursusTest" time="6.423"/>
  <testcase classname="com.expertteam.ImproveSW.CursusTest" name="cursusTest" time="5.013"/>
  <testcase classname="com.expertteam.ImproveSW.CursusTest" name="cursusTest" time="5.038"/>
  <testcase classname="com.expertteam.ImproveSW.CursusTest" name="cursusTest" time="5.042"/>
  <testcase classname="com.expertteam.ImproveSW.CursusTest" name="cursusTest" time="6.051"/>
  <testcase classname="com.expertteam.ImproveSW.DevisTest" name="DemandeDevisTest" time="4.698"/>
  <testcase classname="com.expertteam.ImproveSW.DevisTest" name="DemandeDevisTestError" time="2.823"/>
  <testcase classname="com.expertteam.ImproveSW.FormationTest" name="formationLink" time="6.236"/>
  <testcase classname="com.expertteam.ImproveSW.FormationTest" name="formationLink" time="6.475"/>
  <testcase classname="com.expertteam.ImproveSW.FormationTest" name="formationLink" time="6.736"/>
  <testcase classname="com.expertteam.ImproveSW.FormationTest" name="formationLink" time="6.427"/>
  <testcase classname="com.expertteam.ImproveSW.FormationTest" name="formationLink" time="6.173"/>
  <testcase classname="com.expertteam.ImproveSW.FormationTest" name="formationLink" time="6.187"/>
  <testcase classname="com.expertteam.ImproveSW.FormationTest" name="formationLink" time="6.204"/>
  <testcase classname="com.expertteam.ImproveSW.FormationTest" name="formationLink" time="6.925"/>
  <testcase classname="com.expertteam.ImproveSW.FormationTest" name="formationLink" time="6.261"/>
  <testcase classname="com.expertteam.ImproveSW.FormationTest" name="formationLink" time="6.508"/>
  <testcase classname="com.expertteam.ImproveSW.FormationTest" name="formationLink" time="7.581"/>
  <testcase classname="com.expertteam.ImproveSW.FormationTest" name="formationLink" time="6.272"/>
  <testcase classname="com.expertteam.ImproveSW.FormationTest" name="formationLink" time="6.752"/>
  <testcase classname="com.expertteam.ImproveSW.FormationTest" name="formationLink" time="6.759"/>
  <testcase classname="com.expertteam.ImproveSW.FormationTest" name="formationLink" time="6.562"/>
  <testcase classname="com.expertteam.ImproveSW.FormationTest" name="formationLink" time="6.511"/>
  <testcase classname="com.expertteam.ImproveSW.FormationTest" name="formationLink" time="5.932"/>
  <testcase classname="com.expertteam.ImproveSW.FormationTest" name="formationLink" time="5.978"/>
  <testcase classname="com.expertteam.ImproveSW.FormationTest" name="formationLink" time="7.335"/>
  <testcase classname="com.expertteam.ImproveSW.FormationTest" name="formationLink" time="6.292"/>
  <testcase classname="com.expertteam.ImproveSW.FormationTest" name="formationLink" time="6.187"/>
  <testcase classname="com.expertteam.ImproveSW.FormationTest" name="formationLink" time="6.109"/>
  <testcase classname="com.expertteam.ImproveSW.FormationTest" name="formationLink" time="6.578"/>
  <testcase classname="com.expertteam.ImproveSW.FormationTest" name="formationLink" time="6.356"/>
  <testcase classname="com.expertteam.ImproveSW.FormationTest" name="formationLink" time="5.486"/>
  <testcase classname="com.expertteam.ImproveSW.FormationTest" name="formationLink" time="5.508"/>
  <testcase classname="com.expertteam.ImproveSW.FormationTest" name="formationLink" time="5.746"/>
  <testcase classname="com.expertteam.ImproveSW.FormationTest" name="formationLink" time="5.879"/>
  <testcase classname="com.expertteam.ImproveSW.FormationTest" name="formationLink" time="5.563"/>
  <testcase classname="com.expertteam.ImproveSW.FormationTest" name="formationLink" time="6.558"/>
  <testcase classname="com.expertteam.ImproveSW.FormationTest" name="formationLink" time="6.371"/>
  <testcase classname="com.expertteam.ImproveSW.FormationTest" name="formationLink" time="5.667"/>
  <testcase classname="com.expertteam.ImproveSW.FormationTest" name="formationLink" time="5.405"/>
  <testcase classname="com.expertteam.ImproveSW.FormationTest" name="formationLink" time="5.855"/>
  <testcase classname="com.expertteam.ImproveSW.SocialMediaTest" name="FacebookHeaderTest" time="3.154"/>
  <testcase classname="com.expertteam.ImproveSW.SocialMediaTest" name="InstagramHeaderTest" time="3.645"/>
</testsuite> <!-- Surefire test -->
