<?xml version="1.0" encoding="UTF-8"?>
<!-- Generated by org.testng.reporters.JUnitXMLReporter -->
<testsuite ignored="1" hostname="Maymanaf" failures="0" tests="1" name="Default test" time="8.201" errors="0" timestamp="2022-02-01T17:39:34 GMT+01:00">
  <testcase classname="com.expertteam.ImproveSW.SocialMediaTest" name="InstagramHeaderTest" time="1.927"/>
  <testcase classname="com.expertteam.ImproveSW.SocialMediaTest" name="FacebookHeaderTest" time="0.0">
    <ignored/>
  </testcase> <!-- FacebookHeaderTest -->
</testsuite> <!-- Default test -->
