<?xml version="1.0" encoding="UTF-8"?>
<!-- Generated by org.testng.reporters.JUnitXMLReporter -->
<testsuite ignored="0" hostname="Maymanaf" failures="0" tests="48" name="Test" time="452.138" errors="0" timestamp="2022-02-09T10:51:53 GMT+01:00">
  <testcase classname="com.expertteam.ImproveSW.SocialMediaTest" name="FacebookHeaderTest" time="0.891"/>
  <testcase classname="com.expertteam.ImproveSW.SocialMediaTest" name="InstagramHeaderTest" time="2.402"/>
  <testcase classname="com.expertteam.ImproveSW.FormationTest" name="formationLink" time="4.952"/>
  <testcase classname="com.expertteam.ImproveSW.FormationTest" name="formationLink" time="5.672"/>
  <testcase classname="com.expertteam.ImproveSW.FormationTest" name="formationLink" time="5.247"/>
  <testcase classname="com.expertteam.ImproveSW.FormationTest" name="formationLink" time="5.28"/>
  <testcase classname="com.expertteam.ImproveSW.FormationTest" name="formationLink" time="5.636"/>
  <testcase classname="com.expertteam.ImproveSW.FormationTest" name="formationLink" time="5.269"/>
  <testcase classname="com.expertteam.ImproveSW.FormationTest" name="formationLink" time="5.139"/>
  <testcase classname="com.expertteam.ImproveSW.FormationTest" name="formationLink" time="5.674"/>
  <testcase classname="com.expertteam.ImproveSW.FormationTest" name="formationLink" time="5.014"/>
  <testcase classname="com.expertteam.ImproveSW.FormationTest" name="formationLink" time="4.747"/>
  <testcase classname="com.expertteam.ImproveSW.FormationTest" name="formationLink" time="5.349"/>
  <testcase classname="com.expertteam.ImproveSW.FormationTest" name="formationLink" time="5.48"/>
  <testcase classname="com.expertteam.ImproveSW.FormationTest" name="formationLink" time="4.782"/>
  <testcase classname="com.expertteam.ImproveSW.FormationTest" name="formationLink" time="4.745"/>
  <testcase classname="com.expertteam.ImproveSW.FormationTest" name="formationLink" time="4.993"/>
  <testcase classname="com.expertteam.ImproveSW.FormationTest" name="formationLink" time="4.952"/>
  <testcase classname="com.expertteam.ImproveSW.FormationTest" name="formationLink" time="4.695"/>
  <testcase classname="com.expertteam.ImproveSW.FormationTest" name="formationLink" time="5.471"/>
  <testcase classname="com.expertteam.ImproveSW.FormationTest" name="formationLink" time="6.072"/>
  <testcase classname="com.expertteam.ImproveSW.FormationTest" name="formationLink" time="4.897"/>
  <testcase classname="com.expertteam.ImproveSW.FormationTest" name="formationLink" time="5.388"/>
  <testcase classname="com.expertteam.ImproveSW.FormationTest" name="formationLink" time="5.198"/>
  <testcase classname="com.expertteam.ImproveSW.FormationTest" name="formationLink" time="4.797"/>
  <testcase classname="com.expertteam.ImproveSW.FormationTest" name="formationLink" time="5.425"/>
  <testcase classname="com.expertteam.ImproveSW.FormationTest" name="formationLink" time="4.293"/>
  <testcase classname="com.expertteam.ImproveSW.FormationTest" name="formationLink" time="4.321"/>
  <testcase classname="com.expertteam.ImproveSW.FormationTest" name="formationLink" time="4.322"/>
  <testcase classname="com.expertteam.ImproveSW.FormationTest" name="formationLink" time="5.381"/>
  <testcase classname="com.expertteam.ImproveSW.FormationTest" name="formationLink" time="4.82"/>
  <testcase classname="com.expertteam.ImproveSW.FormationTest" name="formationLink" time="4.598"/>
  <testcase classname="com.expertteam.ImproveSW.FormationTest" name="formationLink" time="5.451"/>
  <testcase classname="com.expertteam.ImproveSW.FormationTest" name="formationLink" time="4.79"/>
  <testcase classname="com.expertteam.ImproveSW.FormationTest" name="formationLink" time="4.806"/>
  <testcase classname="com.expertteam.ImproveSW.FormationTest" name="formationLink" time="4.484"/>
  <testcase classname="com.expertteam.ImproveSW.DevisTest" name="DemandeDevisTest" time="3.538"/>
  <testcase classname="com.expertteam.ImproveSW.DevisTest" name="DemandeDevisTestError" time="2.447"/>
  <testcase classname="com.expertteam.ImproveSW.CursusTest" name="ElementofNosCursusTest" time="3.276"/>
  <testcase classname="com.expertteam.ImproveSW.CursusTest" name="SelectTLAofNosCursusTest" time="6.318"/>
  <testcase classname="com.expertteam.ImproveSW.CursusTest" name="cursusTest" time="4.352"/>
  <testcase classname="com.expertteam.ImproveSW.CursusTest" name="cursusTest" time="4.06"/>
  <testcase classname="com.expertteam.ImproveSW.CursusTest" name="cursusTest" time="4.418"/>
  <testcase classname="com.expertteam.ImproveSW.CursusTest" name="cursusTest" time="4.069"/>
  <testcase classname="com.expertteam.ImproveSW.CursusTest" name="cursusTest" time="4.007"/>
  <testcase classname="com.expertteam.ImproveSW.CursusTest" name="cursusTest" time="4.34"/>
  <testcase classname="com.expertteam.ImproveSW.CursusTest" name="cursusTest" time="4.615"/>
  <testcase classname="com.expertteam.ImproveSW.CursusTest" name="cursusTest" time="3.909"/>
</testsuite> <!-- Test -->
