<?xml version="1.0" encoding="UTF-8"?>
<testng-results ignored="0" total="48" passed="48" failed="0" skipped="0">
  <reporter-output>
    <line>
      <![CDATA[Driver got initialized]]>
    </line>
    <line>
      <![CDATA[Le titre correspond avec la liste de cursus]]>
    </line>
    <line>
      <![CDATA[Browser closed]]>
    </line>
    <line>
      <![CDATA[Driver got initialized]]>
    </line>
    <line>
      <![CDATA[Le titre correspond avec la page en cours]]>
    </line>
    <line>
      <![CDATA[Browser closed]]>
    </line>
    <line>
      <![CDATA[Driver got initialized]]>
    </line>
    <line>
      <![CDATA[Le titre correspond avec la page en cours]]>
    </line>
    <line>
      <![CDATA[Browser closed]]>
    </line>
    <line>
      <![CDATA[Driver got initialized]]>
    </line>
    <line>
      <![CDATA[Le titre correspond avec la page en cours]]>
    </line>
    <line>
      <![CDATA[Browser closed]]>
    </line>
    <line>
      <![CDATA[Driver got initialized]]>
    </line>
    <line>
      <![CDATA[Le titre correspond avec la page en cours]]>
    </line>
    <line>
      <![CDATA[Browser closed]]>
    </line>
    <line>
      <![CDATA[Driver got initialized]]>
    </line>
    <line>
      <![CDATA[Le titre correspond avec la page en cours]]>
    </line>
    <line>
      <![CDATA[Browser closed]]>
    </line>
    <line>
      <![CDATA[Driver got initialized]]>
    </line>
    <line>
      <![CDATA[Le titre correspond avec la page en cours]]>
    </line>
    <line>
      <![CDATA[Browser closed]]>
    </line>
    <line>
      <![CDATA[Driver got initialized]]>
    </line>
    <line>
      <![CDATA[Le titre correspond avec la page en cours]]>
    </line>
    <line>
      <![CDATA[Browser closed]]>
    </line>
    <line>
      <![CDATA[Driver got initialized]]>
    </line>
    <line>
      <![CDATA[Le titre correspond avec la page en cours]]>
    </line>
    <line>
      <![CDATA[Browser closed]]>
    </line>
    <line>
      <![CDATA[Driver got initialized]]>
    </line>
    <line>
      <![CDATA[Le titre correspond avec la page en cours]]>
    </line>
    <line>
      <![CDATA[Browser closed]]>
    </line>
    <line>
      <![CDATA[Driver got initialized]]>
    </line>
    <line>
      <![CDATA[Quote Page is opened]]>
    </line>
    <line>
      <![CDATA[Particular is selected]]>
    </line>
    <line>
      <![CDATA[Subject to TVA is selected]]>
    </line>
    <line>
      <![CDATA[Curriculum is selected]]>
    </line>
    <line>
      <![CDATA[The number of participants is entered]]>
    </line>
    <line>
      <![CDATA[Intra-Company is selected]]>
    </line>
    <line>
      <![CDATA[Desired Date is setted]]>
    </line>
    <line>
      <![CDATA[The Full Name is setted]]>
    </line>
    <line>
      <![CDATA[The Phone number is setted]]>
    </line>
    <line>
      <![CDATA[The Email address is setted]]>
    </line>
    <line>
      <![CDATA[The job is selected]]>
    </line>
    <line>
      <![CDATA[The Company title is selected]]>
    </line>
    <line>
      <![CDATA[The contact mail is selected]]>
    </line>
    <line>
      <![CDATA[The contact phone is selected]]>
    </line>
    <line>
      <![CDATA[The direct contact is selected]]>
    </line>
    <line>
      <![CDATA[Send button is clicked]]>
    </line>
    <line>
      <![CDATA[Browser closed]]>
    </line>
    <line>
      <![CDATA[Driver got initialized]]>
    </line>
    <line>
      <![CDATA[Quote Page is opened]]>
    </line>
    <line>
      <![CDATA[Browser closed]]>
    </line>
    <line>
      <![CDATA[Driver got initialized]]>
    </line>
    <line>
      <![CDATA[Le titre correspond avec la page en cours]]>
    </line>
    <line>
      <![CDATA[Browser closed]]>
    </line>
    <line>
      <![CDATA[Driver got initialized]]>
    </line>
    <line>
      <![CDATA[Le titre correspond avec la page en cours]]>
    </line>
    <line>
      <![CDATA[Browser closed]]>
    </line>
    <line>
      <![CDATA[Driver got initialized]]>
    </line>
    <line>
      <![CDATA[Le titre correspond avec la page en cours]]>
    </line>
    <line>
      <![CDATA[Browser closed]]>
    </line>
    <line>
      <![CDATA[Driver got initialized]]>
    </line>
    <line>
      <![CDATA[Le titre correspond avec la page en cours]]>
    </line>
    <line>
      <![CDATA[Browser closed]]>
    </line>
    <line>
      <![CDATA[Driver got initialized]]>
    </line>
    <line>
      <![CDATA[Le titre correspond avec la page en cours]]>
    </line>
    <line>
      <![CDATA[Browser closed]]>
    </line>
    <line>
      <![CDATA[Driver got initialized]]>
    </line>
    <line>
      <![CDATA[Le titre correspond avec la page en cours]]>
    </line>
    <line>
      <![CDATA[Browser closed]]>
    </line>
    <line>
      <![CDATA[Driver got initialized]]>
    </line>
    <line>
      <![CDATA[Le titre correspond avec la page en cours]]>
    </line>
    <line>
      <![CDATA[Browser closed]]>
    </line>
    <line>
      <![CDATA[Driver got initialized]]>
    </line>
    <line>
      <![CDATA[Le titre correspond avec la page en cours]]>
    </line>
    <line>
      <![CDATA[Browser closed]]>
    </line>
    <line>
      <![CDATA[Driver got initialized]]>
    </line>
    <line>
      <![CDATA[Le titre correspond avec la page en cours]]>
    </line>
    <line>
      <![CDATA[Browser closed]]>
    </line>
    <line>
      <![CDATA[Driver got initialized]]>
    </line>
    <line>
      <![CDATA[Le titre correspond avec la page en cours]]>
    </line>
    <line>
      <![CDATA[Browser closed]]>
    </line>
    <line>
      <![CDATA[Driver got initialized]]>
    </line>
    <line>
      <![CDATA[Le titre correspond avec la page en cours]]>
    </line>
    <line>
      <![CDATA[Browser closed]]>
    </line>
    <line>
      <![CDATA[Driver got initialized]]>
    </line>
    <line>
      <![CDATA[Le titre correspond avec la page en cours]]>
    </line>
    <line>
      <![CDATA[Browser closed]]>
    </line>
    <line>
      <![CDATA[Driver got initialized]]>
    </line>
    <line>
      <![CDATA[Le titre correspond avec la page en cours]]>
    </line>
    <line>
      <![CDATA[Browser closed]]>
    </line>
    <line>
      <![CDATA[Driver got initialized]]>
    </line>
    <line>
      <![CDATA[Le titre correspond avec la page en cours]]>
    </line>
    <line>
      <![CDATA[Browser closed]]>
    </line>
    <line>
      <![CDATA[Driver got initialized]]>
    </line>
    <line>
      <![CDATA[Le titre correspond avec la page en cours]]>
    </line>
    <line>
      <![CDATA[Browser closed]]>
    </line>
    <line>
      <![CDATA[Driver got initialized]]>
    </line>
    <line>
      <![CDATA[Le titre correspond avec la page en cours]]>
    </line>
    <line>
      <![CDATA[Browser closed]]>
    </line>
    <line>
      <![CDATA[Driver got initialized]]>
    </line>
    <line>
      <![CDATA[Le titre correspond avec la page en cours]]>
    </line>
    <line>
      <![CDATA[Browser closed]]>
    </line>
    <line>
      <![CDATA[Driver got initialized]]>
    </line>
    <line>
      <![CDATA[Le titre correspond avec la page en cours]]>
    </line>
    <line>
      <![CDATA[Browser closed]]>
    </line>
    <line>
      <![CDATA[Driver got initialized]]>
    </line>
    <line>
      <![CDATA[Le titre correspond avec la page en cours]]>
    </line>
    <line>
      <![CDATA[Browser closed]]>
    </line>
    <line>
      <![CDATA[Driver got initialized]]>
    </line>
    <line>
      <![CDATA[Le titre correspond avec la page en cours]]>
    </line>
    <line>
      <![CDATA[Browser closed]]>
    </line>
    <line>
      <![CDATA[Driver got initialized]]>
    </line>
    <line>
      <![CDATA[Le titre correspond avec la page en cours]]>
    </line>
    <line>
      <![CDATA[Browser closed]]>
    </line>
    <line>
      <![CDATA[Driver got initialized]]>
    </line>
    <line>
      <![CDATA[Le titre correspond avec la page en cours]]>
    </line>
    <line>
      <![CDATA[Browser closed]]>
    </line>
    <line>
      <![CDATA[Driver got initialized]]>
    </line>
    <line>
      <![CDATA[Le titre correspond avec la page en cours]]>
    </line>
    <line>
      <![CDATA[Browser closed]]>
    </line>
    <line>
      <![CDATA[Driver got initialized]]>
    </line>
    <line>
      <![CDATA[Le titre correspond avec la page en cours]]>
    </line>
    <line>
      <![CDATA[Browser closed]]>
    </line>
    <line>
      <![CDATA[Driver got initialized]]>
    </line>
    <line>
      <![CDATA[Le titre correspond avec la page en cours]]>
    </line>
    <line>
      <![CDATA[Browser closed]]>
    </line>
    <line>
      <![CDATA[Driver got initialized]]>
    </line>
    <line>
      <![CDATA[Le titre correspond avec la page en cours]]>
    </line>
    <line>
      <![CDATA[Browser closed]]>
    </line>
    <line>
      <![CDATA[Driver got initialized]]>
    </line>
    <line>
      <![CDATA[Le titre correspond avec la page en cours]]>
    </line>
    <line>
      <![CDATA[Browser closed]]>
    </line>
    <line>
      <![CDATA[Driver got initialized]]>
    </line>
    <line>
      <![CDATA[Le titre correspond avec la page en cours]]>
    </line>
    <line>
      <![CDATA[Browser closed]]>
    </line>
    <line>
      <![CDATA[Driver got initialized]]>
    </line>
    <line>
      <![CDATA[Le titre correspond avec la page en cours]]>
    </line>
    <line>
      <![CDATA[Browser closed]]>
    </line>
    <line>
      <![CDATA[Driver got initialized]]>
    </line>
    <line>
      <![CDATA[Le titre correspond avec la page en cours]]>
    </line>
    <line>
      <![CDATA[Browser closed]]>
    </line>
    <line>
      <![CDATA[Driver got initialized]]>
    </line>
    <line>
      <![CDATA[Le titre correspond avec la page en cours]]>
    </line>
    <line>
      <![CDATA[Browser closed]]>
    </line>
    <line>
      <![CDATA[Driver got initialized]]>
    </line>
    <line>
      <![CDATA[Le titre correspond avec la page en cours]]>
    </line>
    <line>
      <![CDATA[Browser closed]]>
    </line>
    <line>
      <![CDATA[Driver got initialized]]>
    </line>
    <line>
      <![CDATA[Le titre correspond avec la page en cours]]>
    </line>
    <line>
      <![CDATA[Browser closed]]>
    </line>
    <line>
      <![CDATA[Driver got initialized]]>
    </line>
    <line>
      <![CDATA[Le titre correspond avec la page en cours]]>
    </line>
    <line>
      <![CDATA[Browser closed]]>
    </line>
    <line>
      <![CDATA[Driver got initialized]]>
    </line>
    <line>
      <![CDATA[Facebook Page is opened]]>
    </line>
    <line>
      <![CDATA[Expert Team Tunisie facebook page is opened]]>
    </line>
    <line>
      <![CDATA[Facebook Page is closed]]>
    </line>
    <line>
      <![CDATA[Browser closed]]>
    </line>
    <line>
      <![CDATA[Driver got initialized]]>
    </line>
    <line>
      <![CDATA[Instagram Page is opened]]>
    </line>
    <line>
      <![CDATA[Expert Team Tunisie Instagram page is opened]]>
    </line>
    <line>
      <![CDATA[Instagram Page is closed]]>
    </line>
    <line>
      <![CDATA[Browser closed]]>
    </line>
  </reporter-output>
  <suite started-at="2022-02-08T14:07:55 GMT+01:00" name="Surefire suite" finished-at="2022-02-08T14:21:46 GMT+01:00" duration-ms="831094">
    <groups>
    </groups>
    <test started-at="2022-02-08T14:07:55 GMT+01:00" name="Surefire test" finished-at="2022-02-08T14:21:46 GMT+01:00" duration-ms="831094">
      <class name="com.expertteam.ImproveSW.FormationTest">
        <test-method is-config="true" signature="setUpChrome()[pri:0, instance:com.expertteam.ImproveSW.FormationTest@37e547da]" started-at="2022-02-08T14:11:07 GMT+01:00" name="setUpChrome" finished-at="2022-02-08T14:11:14 GMT+01:00" duration-ms="6495" status="PASS">
          <reporter-output>
            <line>
              <![CDATA[Driver got initialized]]>
            </line>
          </reporter-output>
        </test-method> <!-- setUpChrome -->
        <test-method signature="formationLink(java.lang.String,java.lang.String,java.lang.String,java.lang.String)[pri:0, instance:com.expertteam.ImproveSW.FormationTest@37e547da]" started-at="2022-02-08T14:11:14 GMT+01:00" name="formationLink" data-provider="FormationData" finished-at="2022-02-08T14:11:20 GMT+01:00" duration-ms="6236" status="PASS">
          <params>
            <param index="0">
              <value>
                <![CDATA[test-logiciels]]>
              </value>
            </param>
            <param index="1">
              <value>
                <![CDATA[Tests de Logiciels]]>
              </value>
            </param>
            <param index="2">
              <value>
                <![CDATA[ISTQB®: ISTQB Foundation]]>
              </value>
            </param>
            <param index="3">
              <value>
                <![CDATA[ISTQB Foundation]]>
              </value>
            </param>
          </params>
          <reporter-output>
            <line>
              <![CDATA[Le titre correspond avec la page en cours]]>
            </line>
          </reporter-output>
        </test-method> <!-- formationLink -->
        <test-method is-config="true" signature="tearDown(org.testng.ITestResult)[pri:0, instance:com.expertteam.ImproveSW.FormationTest@37e547da]" started-at="2022-02-08T14:11:20 GMT+01:00" name="tearDown" finished-at="2022-02-08T14:11:24 GMT+01:00" duration-ms="4160" status="PASS">
          <params>
            <param index="0">
              <value>
                <![CDATA[[TestResult name=formationLink status=SUCCESS method=FormationTest.formationLink(java.lang.String,java.lang.String,java.lang.String,java.lang.String)[pri:0, instance:com.expertteam.ImproveSW.FormationTest@37e547da] output=Le titre correspond avec la page en cours]]]>
              </value>
            </param>
          </params>
          <reporter-output>
            <line>
              <![CDATA[Browser closed]]>
            </line>
          </reporter-output>
        </test-method> <!-- tearDown -->
        <test-method is-config="true" signature="setUpChrome()[pri:0, instance:com.expertteam.ImproveSW.FormationTest@37e547da]" started-at="2022-02-08T14:11:24 GMT+01:00" name="setUpChrome" finished-at="2022-02-08T14:11:30 GMT+01:00" duration-ms="6309" status="PASS">
          <reporter-output>
            <line>
              <![CDATA[Driver got initialized]]>
            </line>
          </reporter-output>
        </test-method> <!-- setUpChrome -->
        <test-method signature="formationLink(java.lang.String,java.lang.String,java.lang.String,java.lang.String)[pri:0, instance:com.expertteam.ImproveSW.FormationTest@37e547da]" started-at="2022-02-08T14:11:30 GMT+01:00" name="formationLink" data-provider="FormationData" finished-at="2022-02-08T14:11:37 GMT+01:00" duration-ms="6475" status="PASS">
          <params>
            <param index="0">
              <value>
                <![CDATA[test-logiciels]]>
              </value>
            </param>
            <param index="1">
              <value>
                <![CDATA[Tests de Logiciels]]>
              </value>
            </param>
            <param index="2">
              <value>
                <![CDATA[ISTQB®: ISTQB Test Manager]]>
              </value>
            </param>
            <param index="3">
              <value>
                <![CDATA[ISTQB TEST MANAGER]]>
              </value>
            </param>
          </params>
          <reporter-output>
            <line>
              <![CDATA[Le titre correspond avec la page en cours]]>
            </line>
          </reporter-output>
        </test-method> <!-- formationLink -->
        <test-method is-config="true" signature="tearDown(org.testng.ITestResult)[pri:0, instance:com.expertteam.ImproveSW.FormationTest@37e547da]" started-at="2022-02-08T14:11:37 GMT+01:00" name="tearDown" finished-at="2022-02-08T14:11:41 GMT+01:00" duration-ms="4160" status="PASS">
          <params>
            <param index="0">
              <value>
                <![CDATA[[TestResult name=formationLink status=SUCCESS method=FormationTest.formationLink(java.lang.String,java.lang.String,java.lang.String,java.lang.String)[pri:0, instance:com.expertteam.ImproveSW.FormationTest@37e547da] output=Le titre correspond avec la page en cours]]]>
              </value>
            </param>
          </params>
          <reporter-output>
            <line>
              <![CDATA[Browser closed]]>
            </line>
          </reporter-output>
        </test-method> <!-- tearDown -->
        <test-method is-config="true" signature="setUpChrome()[pri:0, instance:com.expertteam.ImproveSW.FormationTest@37e547da]" started-at="2022-02-08T14:11:41 GMT+01:00" name="setUpChrome" finished-at="2022-02-08T14:11:48 GMT+01:00" duration-ms="7002" status="PASS">
          <reporter-output>
            <line>
              <![CDATA[Driver got initialized]]>
            </line>
          </reporter-output>
        </test-method> <!-- setUpChrome -->
        <test-method signature="formationLink(java.lang.String,java.lang.String,java.lang.String,java.lang.String)[pri:0, instance:com.expertteam.ImproveSW.FormationTest@37e547da]" started-at="2022-02-08T14:11:48 GMT+01:00" name="formationLink" data-provider="FormationData" finished-at="2022-02-08T14:11:55 GMT+01:00" duration-ms="6736" status="PASS">
          <params>
            <param index="0">
              <value>
                <![CDATA[test-logiciels]]>
              </value>
            </param>
            <param index="1">
              <value>
                <![CDATA[Tests de Logiciels]]>
              </value>
            </param>
            <param index="2">
              <value>
                <![CDATA[ISTQB®: Niveau avancé Analyste de test]]>
              </value>
            </param>
            <param index="3">
              <value>
                <![CDATA[ISTQB®: Niveau avancé Analyste de test]]>
              </value>
            </param>
          </params>
          <reporter-output>
            <line>
              <![CDATA[Le titre correspond avec la page en cours]]>
            </line>
          </reporter-output>
        </test-method> <!-- formationLink -->
        <test-method is-config="true" signature="tearDown(org.testng.ITestResult)[pri:0, instance:com.expertteam.ImproveSW.FormationTest@37e547da]" started-at="2022-02-08T14:11:55 GMT+01:00" name="tearDown" finished-at="2022-02-08T14:11:59 GMT+01:00" duration-ms="4142" status="PASS">
          <params>
            <param index="0">
              <value>
                <![CDATA[[TestResult name=formationLink status=SUCCESS method=FormationTest.formationLink(java.lang.String,java.lang.String,java.lang.String,java.lang.String)[pri:0, instance:com.expertteam.ImproveSW.FormationTest@37e547da] output=Le titre correspond avec la page en cours]]]>
              </value>
            </param>
          </params>
          <reporter-output>
            <line>
              <![CDATA[Browser closed]]>
            </line>
          </reporter-output>
        </test-method> <!-- tearDown -->
        <test-method is-config="true" signature="setUpChrome()[pri:0, instance:com.expertteam.ImproveSW.FormationTest@37e547da]" started-at="2022-02-08T14:11:59 GMT+01:00" name="setUpChrome" finished-at="2022-02-08T14:12:05 GMT+01:00" duration-ms="6743" status="PASS">
          <reporter-output>
            <line>
              <![CDATA[Driver got initialized]]>
            </line>
          </reporter-output>
        </test-method> <!-- setUpChrome -->
        <test-method signature="formationLink(java.lang.String,java.lang.String,java.lang.String,java.lang.String)[pri:0, instance:com.expertteam.ImproveSW.FormationTest@37e547da]" started-at="2022-02-08T14:12:05 GMT+01:00" name="formationLink" data-provider="FormationData" finished-at="2022-02-08T14:12:12 GMT+01:00" duration-ms="6427" status="PASS">
          <params>
            <param index="0">
              <value>
                <![CDATA[test-logiciels]]>
              </value>
            </param>
            <param index="1">
              <value>
                <![CDATA[Tests de Logiciels]]>
              </value>
            </param>
            <param index="2">
              <value>
                <![CDATA[ISTQB®: Niveau avancé Testeur sécurité]]>
              </value>
            </param>
            <param index="3">
              <value>
                <![CDATA[ISTQB Niveau Avancé Testeur Sécurité]]>
              </value>
            </param>
          </params>
          <reporter-output>
            <line>
              <![CDATA[Le titre correspond avec la page en cours]]>
            </line>
          </reporter-output>
        </test-method> <!-- formationLink -->
        <test-method is-config="true" signature="tearDown(org.testng.ITestResult)[pri:0, instance:com.expertteam.ImproveSW.FormationTest@37e547da]" started-at="2022-02-08T14:12:12 GMT+01:00" name="tearDown" finished-at="2022-02-08T14:12:16 GMT+01:00" duration-ms="4166" status="PASS">
          <params>
            <param index="0">
              <value>
                <![CDATA[[TestResult name=formationLink status=SUCCESS method=FormationTest.formationLink(java.lang.String,java.lang.String,java.lang.String,java.lang.String)[pri:0, instance:com.expertteam.ImproveSW.FormationTest@37e547da] output=Le titre correspond avec la page en cours]]]>
              </value>
            </param>
          </params>
          <reporter-output>
            <line>
              <![CDATA[Browser closed]]>
            </line>
          </reporter-output>
        </test-method> <!-- tearDown -->
        <test-method is-config="true" signature="setUpChrome()[pri:0, instance:com.expertteam.ImproveSW.FormationTest@37e547da]" started-at="2022-02-08T14:12:16 GMT+01:00" name="setUpChrome" finished-at="2022-02-08T14:12:24 GMT+01:00" duration-ms="7515" status="PASS">
          <reporter-output>
            <line>
              <![CDATA[Driver got initialized]]>
            </line>
          </reporter-output>
        </test-method> <!-- setUpChrome -->
        <test-method signature="formationLink(java.lang.String,java.lang.String,java.lang.String,java.lang.String)[pri:0, instance:com.expertteam.ImproveSW.FormationTest@37e547da]" started-at="2022-02-08T14:12:24 GMT+01:00" name="formationLink" data-provider="FormationData" finished-at="2022-02-08T14:12:30 GMT+01:00" duration-ms="6173" status="PASS">
          <params>
            <param index="0">
              <value>
                <![CDATA[test-logiciels]]>
              </value>
            </param>
            <param index="1">
              <value>
                <![CDATA[Tests de Logiciels]]>
              </value>
            </param>
            <param index="2">
              <value>
                <![CDATA[ISTQB®: Niveau avancé Testeur Automaticien]]>
              </value>
            </param>
            <param index="3">
              <value>
                <![CDATA[ISTQB Niveau Avancé Testeur Automaticien]]>
              </value>
            </param>
          </params>
          <reporter-output>
            <line>
              <![CDATA[Le titre correspond avec la page en cours]]>
            </line>
          </reporter-output>
        </test-method> <!-- formationLink -->
        <test-method is-config="true" signature="tearDown(org.testng.ITestResult)[pri:0, instance:com.expertteam.ImproveSW.FormationTest@37e547da]" started-at="2022-02-08T14:12:30 GMT+01:00" name="tearDown" finished-at="2022-02-08T14:12:34 GMT+01:00" duration-ms="4153" status="PASS">
          <params>
            <param index="0">
              <value>
                <![CDATA[[TestResult name=formationLink status=SUCCESS method=FormationTest.formationLink(java.lang.String,java.lang.String,java.lang.String,java.lang.String)[pri:0, instance:com.expertteam.ImproveSW.FormationTest@37e547da] output=Le titre correspond avec la page en cours]]]>
              </value>
            </param>
          </params>
          <reporter-output>
            <line>
              <![CDATA[Browser closed]]>
            </line>
          </reporter-output>
        </test-method> <!-- tearDown -->
        <test-method is-config="true" signature="setUpChrome()[pri:0, instance:com.expertteam.ImproveSW.FormationTest@37e547da]" started-at="2022-02-08T14:12:34 GMT+01:00" name="setUpChrome" finished-at="2022-02-08T14:12:41 GMT+01:00" duration-ms="7276" status="PASS">
          <reporter-output>
            <line>
              <![CDATA[Driver got initialized]]>
            </line>
          </reporter-output>
        </test-method> <!-- setUpChrome -->
        <test-method signature="formationLink(java.lang.String,java.lang.String,java.lang.String,java.lang.String)[pri:0, instance:com.expertteam.ImproveSW.FormationTest@37e547da]" started-at="2022-02-08T14:12:41 GMT+01:00" name="formationLink" data-provider="FormationData" finished-at="2022-02-08T14:12:47 GMT+01:00" duration-ms="6187" status="PASS">
          <params>
            <param index="0">
              <value>
                <![CDATA[test-logiciels]]>
              </value>
            </param>
            <param index="1">
              <value>
                <![CDATA[Tests de Logiciels]]>
              </value>
            </param>
            <param index="2">
              <value>
                <![CDATA[ISTQB®: Testeur Agile]]>
              </value>
            </param>
            <param index="3">
              <value>
                <![CDATA[ISTQB Testeur Agile]]>
              </value>
            </param>
          </params>
          <reporter-output>
            <line>
              <![CDATA[Le titre correspond avec la page en cours]]>
            </line>
          </reporter-output>
        </test-method> <!-- formationLink -->
        <test-method is-config="true" signature="tearDown(org.testng.ITestResult)[pri:0, instance:com.expertteam.ImproveSW.FormationTest@37e547da]" started-at="2022-02-08T14:12:47 GMT+01:00" name="tearDown" finished-at="2022-02-08T14:12:52 GMT+01:00" duration-ms="4136" status="PASS">
          <params>
            <param index="0">
              <value>
                <![CDATA[[TestResult name=formationLink status=SUCCESS method=FormationTest.formationLink(java.lang.String,java.lang.String,java.lang.String,java.lang.String)[pri:0, instance:com.expertteam.ImproveSW.FormationTest@37e547da] output=Le titre correspond avec la page en cours]]]>
              </value>
            </param>
          </params>
          <reporter-output>
            <line>
              <![CDATA[Browser closed]]>
            </line>
          </reporter-output>
        </test-method> <!-- tearDown -->
        <test-method is-config="true" signature="setUpChrome()[pri:0, instance:com.expertteam.ImproveSW.FormationTest@37e547da]" started-at="2022-02-08T14:12:52 GMT+01:00" name="setUpChrome" finished-at="2022-02-08T14:13:00 GMT+01:00" duration-ms="8433" status="PASS">
          <reporter-output>
            <line>
              <![CDATA[Driver got initialized]]>
            </line>
          </reporter-output>
        </test-method> <!-- setUpChrome -->
        <test-method signature="formationLink(java.lang.String,java.lang.String,java.lang.String,java.lang.String)[pri:0, instance:com.expertteam.ImproveSW.FormationTest@37e547da]" started-at="2022-02-08T14:13:00 GMT+01:00" name="formationLink" data-provider="FormationData" finished-at="2022-02-08T14:13:06 GMT+01:00" duration-ms="6204" status="PASS">
          <params>
            <param index="0">
              <value>
                <![CDATA[test-logiciels]]>
              </value>
            </param>
            <param index="1">
              <value>
                <![CDATA[Tests de Logiciels]]>
              </value>
            </param>
            <param index="2">
              <value>
                <![CDATA[ISTQB®: Testeur Automative]]>
              </value>
            </param>
            <param index="3">
              <value>
                <![CDATA[ISTQB Testeur Automative]]>
              </value>
            </param>
          </params>
          <reporter-output>
            <line>
              <![CDATA[Le titre correspond avec la page en cours]]>
            </line>
          </reporter-output>
        </test-method> <!-- formationLink -->
        <test-method is-config="true" signature="tearDown(org.testng.ITestResult)[pri:0, instance:com.expertteam.ImproveSW.FormationTest@37e547da]" started-at="2022-02-08T14:13:06 GMT+01:00" name="tearDown" finished-at="2022-02-08T14:13:10 GMT+01:00" duration-ms="4154" status="PASS">
          <params>
            <param index="0">
              <value>
                <![CDATA[[TestResult name=formationLink status=SUCCESS method=FormationTest.formationLink(java.lang.String,java.lang.String,java.lang.String,java.lang.String)[pri:0, instance:com.expertteam.ImproveSW.FormationTest@37e547da] output=Le titre correspond avec la page en cours]]]>
              </value>
            </param>
          </params>
          <reporter-output>
            <line>
              <![CDATA[Browser closed]]>
            </line>
          </reporter-output>
        </test-method> <!-- tearDown -->
        <test-method is-config="true" signature="setUpChrome()[pri:0, instance:com.expertteam.ImproveSW.FormationTest@37e547da]" started-at="2022-02-08T14:13:10 GMT+01:00" name="setUpChrome" finished-at="2022-02-08T14:13:19 GMT+01:00" duration-ms="8827" status="PASS">
          <reporter-output>
            <line>
              <![CDATA[Driver got initialized]]>
            </line>
          </reporter-output>
        </test-method> <!-- setUpChrome -->
        <test-method signature="formationLink(java.lang.String,java.lang.String,java.lang.String,java.lang.String)[pri:0, instance:com.expertteam.ImproveSW.FormationTest@37e547da]" started-at="2022-02-08T14:13:19 GMT+01:00" name="formationLink" data-provider="FormationData" finished-at="2022-02-08T14:13:26 GMT+01:00" duration-ms="6925" status="PASS">
          <params>
            <param index="0">
              <value>
                <![CDATA[test-logiciels]]>
              </value>
            </param>
            <param index="1">
              <value>
                <![CDATA[Tests de Logiciels]]>
              </value>
            </param>
            <param index="2">
              <value>
                <![CDATA[ISTQB®: Test de performance]]>
              </value>
            </param>
            <param index="3">
              <value>
                <![CDATA[ISTQB Test de performance]]>
              </value>
            </param>
          </params>
          <reporter-output>
            <line>
              <![CDATA[Le titre correspond avec la page en cours]]>
            </line>
          </reporter-output>
        </test-method> <!-- formationLink -->
        <test-method is-config="true" signature="tearDown(org.testng.ITestResult)[pri:0, instance:com.expertteam.ImproveSW.FormationTest@37e547da]" started-at="2022-02-08T14:13:26 GMT+01:00" name="tearDown" finished-at="2022-02-08T14:13:30 GMT+01:00" duration-ms="4127" status="PASS">
          <params>
            <param index="0">
              <value>
                <![CDATA[[TestResult name=formationLink status=SUCCESS method=FormationTest.formationLink(java.lang.String,java.lang.String,java.lang.String,java.lang.String)[pri:0, instance:com.expertteam.ImproveSW.FormationTest@37e547da] output=Le titre correspond avec la page en cours]]]>
              </value>
            </param>
          </params>
          <reporter-output>
            <line>
              <![CDATA[Browser closed]]>
            </line>
          </reporter-output>
        </test-method> <!-- tearDown -->
        <test-method is-config="true" signature="setUpChrome()[pri:0, instance:com.expertteam.ImproveSW.FormationTest@37e547da]" started-at="2022-02-08T14:13:30 GMT+01:00" name="setUpChrome" finished-at="2022-02-08T14:13:37 GMT+01:00" duration-ms="6825" status="PASS">
          <reporter-output>
            <line>
              <![CDATA[Driver got initialized]]>
            </line>
          </reporter-output>
        </test-method> <!-- setUpChrome -->
        <test-method signature="formationLink(java.lang.String,java.lang.String,java.lang.String,java.lang.String)[pri:0, instance:com.expertteam.ImproveSW.FormationTest@37e547da]" started-at="2022-02-08T14:13:37 GMT+01:00" name="formationLink" data-provider="FormationData" finished-at="2022-02-08T14:13:43 GMT+01:00" duration-ms="6261" status="PASS">
          <params>
            <param index="0">
              <value>
                <![CDATA[test-logiciels]]>
              </value>
            </param>
            <param index="1">
              <value>
                <![CDATA[Tests de Logiciels]]>
              </value>
            </param>
            <param index="2">
              <value>
                <![CDATA[ISTQB®: Test d’acceptation]]>
              </value>
            </param>
            <param index="3">
              <value>
                <![CDATA[ISTQB Test d’Acceptation]]>
              </value>
            </param>
          </params>
          <reporter-output>
            <line>
              <![CDATA[Le titre correspond avec la page en cours]]>
            </line>
          </reporter-output>
        </test-method> <!-- formationLink -->
        <test-method is-config="true" signature="tearDown(org.testng.ITestResult)[pri:0, instance:com.expertteam.ImproveSW.FormationTest@37e547da]" started-at="2022-02-08T14:13:43 GMT+01:00" name="tearDown" finished-at="2022-02-08T14:13:47 GMT+01:00" duration-ms="4159" status="PASS">
          <params>
            <param index="0">
              <value>
                <![CDATA[[TestResult name=formationLink status=SUCCESS method=FormationTest.formationLink(java.lang.String,java.lang.String,java.lang.String,java.lang.String)[pri:0, instance:com.expertteam.ImproveSW.FormationTest@37e547da] output=Le titre correspond avec la page en cours]]]>
              </value>
            </param>
          </params>
          <reporter-output>
            <line>
              <![CDATA[Browser closed]]>
            </line>
          </reporter-output>
        </test-method> <!-- tearDown -->
        <test-method is-config="true" signature="setUpChrome()[pri:0, instance:com.expertteam.ImproveSW.FormationTest@37e547da]" started-at="2022-02-08T14:13:47 GMT+01:00" name="setUpChrome" finished-at="2022-02-08T14:14:04 GMT+01:00" duration-ms="16496" status="PASS">
          <reporter-output>
            <line>
              <![CDATA[Driver got initialized]]>
            </line>
          </reporter-output>
        </test-method> <!-- setUpChrome -->
        <test-method signature="formationLink(java.lang.String,java.lang.String,java.lang.String,java.lang.String)[pri:0, instance:com.expertteam.ImproveSW.FormationTest@37e547da]" started-at="2022-02-08T14:14:04 GMT+01:00" name="formationLink" data-provider="FormationData" finished-at="2022-02-08T14:14:10 GMT+01:00" duration-ms="6508" status="PASS">
          <params>
            <param index="0">
              <value>
                <![CDATA[test-logiciels]]>
              </value>
            </param>
            <param index="1">
              <value>
                <![CDATA[Tests de Logiciels]]>
              </value>
            </param>
            <param index="2">
              <value>
                <![CDATA[A4Q Testeur Selenium Niveau Fondation]]>
              </value>
            </param>
            <param index="3">
              <value>
                <![CDATA[Testeur Selenium A4Q Niveau Fondation]]>
              </value>
            </param>
          </params>
          <reporter-output>
            <line>
              <![CDATA[Le titre correspond avec la page en cours]]>
            </line>
          </reporter-output>
        </test-method> <!-- formationLink -->
        <test-method is-config="true" signature="tearDown(org.testng.ITestResult)[pri:0, instance:com.expertteam.ImproveSW.FormationTest@37e547da]" started-at="2022-02-08T14:14:10 GMT+01:00" name="tearDown" finished-at="2022-02-08T14:14:15 GMT+01:00" duration-ms="4153" status="PASS">
          <params>
            <param index="0">
              <value>
                <![CDATA[[TestResult name=formationLink status=SUCCESS method=FormationTest.formationLink(java.lang.String,java.lang.String,java.lang.String,java.lang.String)[pri:0, instance:com.expertteam.ImproveSW.FormationTest@37e547da] output=Le titre correspond avec la page en cours]]]>
              </value>
            </param>
          </params>
          <reporter-output>
            <line>
              <![CDATA[Browser closed]]>
            </line>
          </reporter-output>
        </test-method> <!-- tearDown -->
        <test-method is-config="true" signature="setUpChrome()[pri:0, instance:com.expertteam.ImproveSW.FormationTest@37e547da]" started-at="2022-02-08T14:14:15 GMT+01:00" name="setUpChrome" finished-at="2022-02-08T14:14:21 GMT+01:00" duration-ms="6399" status="PASS">
          <reporter-output>
            <line>
              <![CDATA[Driver got initialized]]>
            </line>
          </reporter-output>
        </test-method> <!-- setUpChrome -->
        <test-method signature="formationLink(java.lang.String,java.lang.String,java.lang.String,java.lang.String)[pri:0, instance:com.expertteam.ImproveSW.FormationTest@37e547da]" started-at="2022-02-08T14:14:21 GMT+01:00" name="formationLink" data-provider="FormationData" finished-at="2022-02-08T14:14:29 GMT+01:00" duration-ms="7581" status="PASS">
          <params>
            <param index="0">
              <value>
                <![CDATA[test-logiciels]]>
              </value>
            </param>
            <param index="1">
              <value>
                <![CDATA[Tests de Logiciels]]>
              </value>
            </param>
            <param index="2">
              <value>
                <![CDATA[Automatisation avec Robot Framework]]>
              </value>
            </param>
            <param index="3">
              <value>
                <![CDATA[Automatisation avec Robot Framework]]>
              </value>
            </param>
          </params>
          <reporter-output>
            <line>
              <![CDATA[Le titre correspond avec la page en cours]]>
            </line>
          </reporter-output>
        </test-method> <!-- formationLink -->
        <test-method is-config="true" signature="tearDown(org.testng.ITestResult)[pri:0, instance:com.expertteam.ImproveSW.FormationTest@37e547da]" started-at="2022-02-08T14:14:29 GMT+01:00" name="tearDown" finished-at="2022-02-08T14:14:33 GMT+01:00" duration-ms="4154" status="PASS">
          <params>
            <param index="0">
              <value>
                <![CDATA[[TestResult name=formationLink status=SUCCESS method=FormationTest.formationLink(java.lang.String,java.lang.String,java.lang.String,java.lang.String)[pri:0, instance:com.expertteam.ImproveSW.FormationTest@37e547da] output=Le titre correspond avec la page en cours]]]>
              </value>
            </param>
          </params>
          <reporter-output>
            <line>
              <![CDATA[Browser closed]]>
            </line>
          </reporter-output>
        </test-method> <!-- tearDown -->
        <test-method is-config="true" signature="setUpChrome()[pri:0, instance:com.expertteam.ImproveSW.FormationTest@37e547da]" started-at="2022-02-08T14:14:33 GMT+01:00" name="setUpChrome" finished-at="2022-02-08T14:14:40 GMT+01:00" duration-ms="6924" status="PASS">
          <reporter-output>
            <line>
              <![CDATA[Driver got initialized]]>
            </line>
          </reporter-output>
        </test-method> <!-- setUpChrome -->
        <test-method signature="formationLink(java.lang.String,java.lang.String,java.lang.String,java.lang.String)[pri:0, instance:com.expertteam.ImproveSW.FormationTest@37e547da]" started-at="2022-02-08T14:14:40 GMT+01:00" name="formationLink" data-provider="FormationData" finished-at="2022-02-08T14:14:46 GMT+01:00" duration-ms="6272" status="PASS">
          <params>
            <param index="0">
              <value>
                <![CDATA[test-logiciels]]>
              </value>
            </param>
            <param index="1">
              <value>
                <![CDATA[Tests de Logiciels]]>
              </value>
            </param>
            <param index="2">
              <value>
                <![CDATA[Test de charge avec JMeter]]>
              </value>
            </param>
            <param index="3">
              <value>
                <![CDATA[Tests de charges avec JMeter]]>
              </value>
            </param>
          </params>
          <reporter-output>
            <line>
              <![CDATA[Le titre correspond avec la page en cours]]>
            </line>
          </reporter-output>
        </test-method> <!-- formationLink -->
        <test-method is-config="true" signature="tearDown(org.testng.ITestResult)[pri:0, instance:com.expertteam.ImproveSW.FormationTest@37e547da]" started-at="2022-02-08T14:14:46 GMT+01:00" name="tearDown" finished-at="2022-02-08T14:14:50 GMT+01:00" duration-ms="4156" status="PASS">
          <params>
            <param index="0">
              <value>
                <![CDATA[[TestResult name=formationLink status=SUCCESS method=FormationTest.formationLink(java.lang.String,java.lang.String,java.lang.String,java.lang.String)[pri:0, instance:com.expertteam.ImproveSW.FormationTest@37e547da] output=Le titre correspond avec la page en cours]]]>
              </value>
            </param>
          </params>
          <reporter-output>
            <line>
              <![CDATA[Browser closed]]>
            </line>
          </reporter-output>
        </test-method> <!-- tearDown -->
        <test-method is-config="true" signature="setUpChrome()[pri:0, instance:com.expertteam.ImproveSW.FormationTest@37e547da]" started-at="2022-02-08T14:14:50 GMT+01:00" name="setUpChrome" finished-at="2022-02-08T14:14:57 GMT+01:00" duration-ms="6873" status="PASS">
          <reporter-output>
            <line>
              <![CDATA[Driver got initialized]]>
            </line>
          </reporter-output>
        </test-method> <!-- setUpChrome -->
        <test-method signature="formationLink(java.lang.String,java.lang.String,java.lang.String,java.lang.String)[pri:0, instance:com.expertteam.ImproveSW.FormationTest@37e547da]" started-at="2022-02-08T14:14:57 GMT+01:00" name="formationLink" data-provider="FormationData" finished-at="2022-02-08T14:15:04 GMT+01:00" duration-ms="6752" status="PASS">
          <params>
            <param index="0">
              <value>
                <![CDATA[test-logiciels]]>
              </value>
            </param>
            <param index="1">
              <value>
                <![CDATA[Tests de Logiciels]]>
              </value>
            </param>
            <param index="2">
              <value>
                <![CDATA[Test de charge avec HP LoadRunner]]>
              </value>
            </param>
            <param index="3">
              <value>
                <![CDATA[Tests de charges avec HP LoadRunner]]>
              </value>
            </param>
          </params>
          <reporter-output>
            <line>
              <![CDATA[Le titre correspond avec la page en cours]]>
            </line>
          </reporter-output>
        </test-method> <!-- formationLink -->
        <test-method is-config="true" signature="tearDown(org.testng.ITestResult)[pri:0, instance:com.expertteam.ImproveSW.FormationTest@37e547da]" started-at="2022-02-08T14:15:04 GMT+01:00" name="tearDown" finished-at="2022-02-08T14:15:08 GMT+01:00" duration-ms="4153" status="PASS">
          <params>
            <param index="0">
              <value>
                <![CDATA[[TestResult name=formationLink status=SUCCESS method=FormationTest.formationLink(java.lang.String,java.lang.String,java.lang.String,java.lang.String)[pri:0, instance:com.expertteam.ImproveSW.FormationTest@37e547da] output=Le titre correspond avec la page en cours]]]>
              </value>
            </param>
          </params>
          <reporter-output>
            <line>
              <![CDATA[Browser closed]]>
            </line>
          </reporter-output>
        </test-method> <!-- tearDown -->
        <test-method is-config="true" signature="setUpChrome()[pri:0, instance:com.expertteam.ImproveSW.FormationTest@37e547da]" started-at="2022-02-08T14:15:08 GMT+01:00" name="setUpChrome" finished-at="2022-02-08T14:15:15 GMT+01:00" duration-ms="6900" status="PASS">
          <reporter-output>
            <line>
              <![CDATA[Driver got initialized]]>
            </line>
          </reporter-output>
        </test-method> <!-- setUpChrome -->
        <test-method signature="formationLink(java.lang.String,java.lang.String,java.lang.String,java.lang.String)[pri:0, instance:com.expertteam.ImproveSW.FormationTest@37e547da]" started-at="2022-02-08T14:15:15 GMT+01:00" name="formationLink" data-provider="FormationData" finished-at="2022-02-08T14:15:22 GMT+01:00" duration-ms="6759" status="PASS">
          <params>
            <param index="0">
              <value>
                <![CDATA[test-logiciels]]>
              </value>
            </param>
            <param index="1">
              <value>
                <![CDATA[Tests de Logiciels]]>
              </value>
            </param>
            <param index="2">
              <value>
                <![CDATA[ Automatisation avec TestComplete]]>
              </value>
            </param>
            <param index="3">
              <value>
                <![CDATA[TestComplete ]]>
              </value>
            </param>
          </params>
          <reporter-output>
            <line>
              <![CDATA[Le titre correspond avec la page en cours]]>
            </line>
          </reporter-output>
        </test-method> <!-- formationLink -->
        <test-method is-config="true" signature="tearDown(org.testng.ITestResult)[pri:0, instance:com.expertteam.ImproveSW.FormationTest@37e547da]" started-at="2022-02-08T14:15:22 GMT+01:00" name="tearDown" finished-at="2022-02-08T14:15:26 GMT+01:00" duration-ms="4136" status="PASS">
          <params>
            <param index="0">
              <value>
                <![CDATA[[TestResult name=formationLink status=SUCCESS method=FormationTest.formationLink(java.lang.String,java.lang.String,java.lang.String,java.lang.String)[pri:0, instance:com.expertteam.ImproveSW.FormationTest@37e547da] output=Le titre correspond avec la page en cours]]]>
              </value>
            </param>
          </params>
          <reporter-output>
            <line>
              <![CDATA[Browser closed]]>
            </line>
          </reporter-output>
        </test-method> <!-- tearDown -->
        <test-method is-config="true" signature="setUpChrome()[pri:0, instance:com.expertteam.ImproveSW.FormationTest@37e547da]" started-at="2022-02-08T14:15:26 GMT+01:00" name="setUpChrome" finished-at="2022-02-08T14:15:32 GMT+01:00" duration-ms="5876" status="PASS">
          <reporter-output>
            <line>
              <![CDATA[Driver got initialized]]>
            </line>
          </reporter-output>
        </test-method> <!-- setUpChrome -->
        <test-method signature="formationLink(java.lang.String,java.lang.String,java.lang.String,java.lang.String)[pri:0, instance:com.expertteam.ImproveSW.FormationTest@37e547da]" started-at="2022-02-08T14:15:32 GMT+01:00" name="formationLink" data-provider="FormationData" finished-at="2022-02-08T14:15:38 GMT+01:00" duration-ms="6562" status="PASS">
          <params>
            <param index="0">
              <value>
                <![CDATA[test-logiciels]]>
              </value>
            </param>
            <param index="1">
              <value>
                <![CDATA[Tests de Logiciels]]>
              </value>
            </param>
            <param index="2">
              <value>
                <![CDATA[Gestion de projet de test avec Testlink]]>
              </value>
            </param>
            <param index="3">
              <value>
                <![CDATA[Gestion de projet de test avec Testlink]]>
              </value>
            </param>
          </params>
          <reporter-output>
            <line>
              <![CDATA[Le titre correspond avec la page en cours]]>
            </line>
          </reporter-output>
        </test-method> <!-- formationLink -->
        <test-method is-config="true" signature="tearDown(org.testng.ITestResult)[pri:0, instance:com.expertteam.ImproveSW.FormationTest@37e547da]" started-at="2022-02-08T14:15:38 GMT+01:00" name="tearDown" finished-at="2022-02-08T14:15:42 GMT+01:00" duration-ms="4167" status="PASS">
          <params>
            <param index="0">
              <value>
                <![CDATA[[TestResult name=formationLink status=SUCCESS method=FormationTest.formationLink(java.lang.String,java.lang.String,java.lang.String,java.lang.String)[pri:0, instance:com.expertteam.ImproveSW.FormationTest@37e547da] output=Le titre correspond avec la page en cours]]]>
              </value>
            </param>
          </params>
          <reporter-output>
            <line>
              <![CDATA[Browser closed]]>
            </line>
          </reporter-output>
        </test-method> <!-- tearDown -->
        <test-method is-config="true" signature="setUpChrome()[pri:0, instance:com.expertteam.ImproveSW.FormationTest@37e547da]" started-at="2022-02-08T14:15:42 GMT+01:00" name="setUpChrome" finished-at="2022-02-08T14:15:49 GMT+01:00" duration-ms="6823" status="PASS">
          <reporter-output>
            <line>
              <![CDATA[Driver got initialized]]>
            </line>
          </reporter-output>
        </test-method> <!-- setUpChrome -->
        <test-method signature="formationLink(java.lang.String,java.lang.String,java.lang.String,java.lang.String)[pri:0, instance:com.expertteam.ImproveSW.FormationTest@37e547da]" started-at="2022-02-08T14:15:49 GMT+01:00" name="formationLink" data-provider="FormationData" finished-at="2022-02-08T14:15:56 GMT+01:00" duration-ms="6511" status="PASS">
          <params>
            <param index="0">
              <value>
                <![CDATA[test-logiciels]]>
              </value>
            </param>
            <param index="1">
              <value>
                <![CDATA[Tests de Logiciels]]>
              </value>
            </param>
            <param index="2">
              <value>
                <![CDATA[Gestion de projet de test avec SquashTM]]>
              </value>
            </param>
            <param index="3">
              <value>
                <![CDATA[Gestion de projet de test avec SquashTMTestlink]]>
              </value>
            </param>
          </params>
          <reporter-output>
            <line>
              <![CDATA[Le titre correspond avec la page en cours]]>
            </line>
          </reporter-output>
        </test-method> <!-- formationLink -->
        <test-method is-config="true" signature="tearDown(org.testng.ITestResult)[pri:0, instance:com.expertteam.ImproveSW.FormationTest@37e547da]" started-at="2022-02-08T14:15:56 GMT+01:00" name="tearDown" finished-at="2022-02-08T14:16:00 GMT+01:00" duration-ms="4137" status="PASS">
          <params>
            <param index="0">
              <value>
                <![CDATA[[TestResult name=formationLink status=SUCCESS method=FormationTest.formationLink(java.lang.String,java.lang.String,java.lang.String,java.lang.String)[pri:0, instance:com.expertteam.ImproveSW.FormationTest@37e547da] output=Le titre correspond avec la page en cours]]]>
              </value>
            </param>
          </params>
          <reporter-output>
            <line>
              <![CDATA[Browser closed]]>
            </line>
          </reporter-output>
        </test-method> <!-- tearDown -->
        <test-method is-config="true" signature="setUpChrome()[pri:0, instance:com.expertteam.ImproveSW.FormationTest@37e547da]" started-at="2022-02-08T14:16:00 GMT+01:00" name="setUpChrome" finished-at="2022-02-08T14:16:07 GMT+01:00" duration-ms="7081" status="PASS">
          <reporter-output>
            <line>
              <![CDATA[Driver got initialized]]>
            </line>
          </reporter-output>
        </test-method> <!-- setUpChrome -->
        <test-method signature="formationLink(java.lang.String,java.lang.String,java.lang.String,java.lang.String)[pri:0, instance:com.expertteam.ImproveSW.FormationTest@37e547da]" started-at="2022-02-08T14:16:07 GMT+01:00" name="formationLink" data-provider="FormationData" finished-at="2022-02-08T14:16:13 GMT+01:00" duration-ms="5932" status="PASS">
          <params>
            <param index="0">
              <value>
                <![CDATA[developpement]]>
              </value>
            </param>
            <param index="1">
              <value>
                <![CDATA[Développement des applications]]>
              </value>
            </param>
            <param index="2">
              <value>
                <![CDATA[Formation certifiante Java 8]]>
              </value>
            </param>
            <param index="3">
              <value>
                <![CDATA[Formation certifiante Java 8]]>
              </value>
            </param>
          </params>
          <reporter-output>
            <line>
              <![CDATA[Le titre correspond avec la page en cours]]>
            </line>
          </reporter-output>
        </test-method> <!-- formationLink -->
        <test-method is-config="true" signature="tearDown(org.testng.ITestResult)[pri:0, instance:com.expertteam.ImproveSW.FormationTest@37e547da]" started-at="2022-02-08T14:16:13 GMT+01:00" name="tearDown" finished-at="2022-02-08T14:16:17 GMT+01:00" duration-ms="4150" status="PASS">
          <params>
            <param index="0">
              <value>
                <![CDATA[[TestResult name=formationLink status=SUCCESS method=FormationTest.formationLink(java.lang.String,java.lang.String,java.lang.String,java.lang.String)[pri:0, instance:com.expertteam.ImproveSW.FormationTest@37e547da] output=Le titre correspond avec la page en cours]]]>
              </value>
            </param>
          </params>
          <reporter-output>
            <line>
              <![CDATA[Browser closed]]>
            </line>
          </reporter-output>
        </test-method> <!-- tearDown -->
        <test-method is-config="true" signature="setUpChrome()[pri:0, instance:com.expertteam.ImproveSW.FormationTest@37e547da]" started-at="2022-02-08T14:16:17 GMT+01:00" name="setUpChrome" finished-at="2022-02-08T14:16:23 GMT+01:00" duration-ms="6523" status="PASS">
          <reporter-output>
            <line>
              <![CDATA[Driver got initialized]]>
            </line>
          </reporter-output>
        </test-method> <!-- setUpChrome -->
        <test-method signature="formationLink(java.lang.String,java.lang.String,java.lang.String,java.lang.String)[pri:0, instance:com.expertteam.ImproveSW.FormationTest@37e547da]" started-at="2022-02-08T14:16:23 GMT+01:00" name="formationLink" data-provider="FormationData" finished-at="2022-02-08T14:16:29 GMT+01:00" duration-ms="5978" status="PASS">
          <params>
            <param index="0">
              <value>
                <![CDATA[developpement]]>
              </value>
            </param>
            <param index="1">
              <value>
                <![CDATA[Développement des applications]]>
              </value>
            </param>
            <param index="2">
              <value>
                <![CDATA[OCA Java SE 8 Programmer|Formation Java 8]]>
              </value>
            </param>
            <param index="3">
              <value>
                <![CDATA[OCA Java SE 8 Programmer]]>
              </value>
            </param>
          </params>
          <reporter-output>
            <line>
              <![CDATA[Le titre correspond avec la page en cours]]>
            </line>
          </reporter-output>
        </test-method> <!-- formationLink -->
        <test-method is-config="true" signature="tearDown(org.testng.ITestResult)[pri:0, instance:com.expertteam.ImproveSW.FormationTest@37e547da]" started-at="2022-02-08T14:16:29 GMT+01:00" name="tearDown" finished-at="2022-02-08T14:16:34 GMT+01:00" duration-ms="4148" status="PASS">
          <params>
            <param index="0">
              <value>
                <![CDATA[[TestResult name=formationLink status=SUCCESS method=FormationTest.formationLink(java.lang.String,java.lang.String,java.lang.String,java.lang.String)[pri:0, instance:com.expertteam.ImproveSW.FormationTest@37e547da] output=Le titre correspond avec la page en cours]]]>
              </value>
            </param>
          </params>
          <reporter-output>
            <line>
              <![CDATA[Browser closed]]>
            </line>
          </reporter-output>
        </test-method> <!-- tearDown -->
        <test-method is-config="true" signature="setUpChrome()[pri:0, instance:com.expertteam.ImproveSW.FormationTest@37e547da]" started-at="2022-02-08T14:16:34 GMT+01:00" name="setUpChrome" finished-at="2022-02-08T14:16:40 GMT+01:00" duration-ms="6677" status="PASS">
          <reporter-output>
            <line>
              <![CDATA[Driver got initialized]]>
            </line>
          </reporter-output>
        </test-method> <!-- setUpChrome -->
        <test-method signature="formationLink(java.lang.String,java.lang.String,java.lang.String,java.lang.String)[pri:0, instance:com.expertteam.ImproveSW.FormationTest@37e547da]" started-at="2022-02-08T14:16:40 GMT+01:00" name="formationLink" data-provider="FormationData" finished-at="2022-02-08T14:16:48 GMT+01:00" duration-ms="7335" status="PASS">
          <params>
            <param index="0">
              <value>
                <![CDATA[developpement]]>
              </value>
            </param>
            <param index="1">
              <value>
                <![CDATA[Développement des applications]]>
              </value>
            </param>
            <param index="2">
              <value>
                <![CDATA[Formation Architecture JEE]]>
              </value>
            </param>
            <param index="3">
              <value>
                <![CDATA[Formation Architecture JEE]]>
              </value>
            </param>
          </params>
          <reporter-output>
            <line>
              <![CDATA[Le titre correspond avec la page en cours]]>
            </line>
          </reporter-output>
        </test-method> <!-- formationLink -->
        <test-method is-config="true" signature="tearDown(org.testng.ITestResult)[pri:0, instance:com.expertteam.ImproveSW.FormationTest@37e547da]" started-at="2022-02-08T14:16:48 GMT+01:00" name="tearDown" finished-at="2022-02-08T14:16:52 GMT+01:00" duration-ms="4157" status="PASS">
          <params>
            <param index="0">
              <value>
                <![CDATA[[TestResult name=formationLink status=SUCCESS method=FormationTest.formationLink(java.lang.String,java.lang.String,java.lang.String,java.lang.String)[pri:0, instance:com.expertteam.ImproveSW.FormationTest@37e547da] output=Le titre correspond avec la page en cours]]]>
              </value>
            </param>
          </params>
          <reporter-output>
            <line>
              <![CDATA[Browser closed]]>
            </line>
          </reporter-output>
        </test-method> <!-- tearDown -->
        <test-method is-config="true" signature="setUpChrome()[pri:0, instance:com.expertteam.ImproveSW.FormationTest@37e547da]" started-at="2022-02-08T14:16:52 GMT+01:00" name="setUpChrome" finished-at="2022-02-08T14:16:58 GMT+01:00" duration-ms="5890" status="PASS">
          <reporter-output>
            <line>
              <![CDATA[Driver got initialized]]>
            </line>
          </reporter-output>
        </test-method> <!-- setUpChrome -->
        <test-method signature="formationLink(java.lang.String,java.lang.String,java.lang.String,java.lang.String)[pri:0, instance:com.expertteam.ImproveSW.FormationTest@37e547da]" started-at="2022-02-08T14:16:58 GMT+01:00" name="formationLink" data-provider="FormationData" finished-at="2022-02-08T14:17:04 GMT+01:00" duration-ms="6292" status="PASS">
          <params>
            <param index="0">
              <value>
                <![CDATA[developpement]]>
              </value>
            </param>
            <param index="1">
              <value>
                <![CDATA[Développement des applications]]>
              </value>
            </param>
            <param index="2">
              <value>
                <![CDATA[Maîtriser le framework Spring 5]]>
              </value>
            </param>
            <param index="3">
              <value>
                <![CDATA[Maîtriser le framework Spring 5]]>
              </value>
            </param>
          </params>
          <reporter-output>
            <line>
              <![CDATA[Le titre correspond avec la page en cours]]>
            </line>
          </reporter-output>
        </test-method> <!-- formationLink -->
        <test-method is-config="true" signature="tearDown(org.testng.ITestResult)[pri:0, instance:com.expertteam.ImproveSW.FormationTest@37e547da]" started-at="2022-02-08T14:17:04 GMT+01:00" name="tearDown" finished-at="2022-02-08T14:17:08 GMT+01:00" duration-ms="4155" status="PASS">
          <params>
            <param index="0">
              <value>
                <![CDATA[[TestResult name=formationLink status=SUCCESS method=FormationTest.formationLink(java.lang.String,java.lang.String,java.lang.String,java.lang.String)[pri:0, instance:com.expertteam.ImproveSW.FormationTest@37e547da] output=Le titre correspond avec la page en cours]]]>
              </value>
            </param>
          </params>
          <reporter-output>
            <line>
              <![CDATA[Browser closed]]>
            </line>
          </reporter-output>
        </test-method> <!-- tearDown -->
        <test-method is-config="true" signature="setUpChrome()[pri:0, instance:com.expertteam.ImproveSW.FormationTest@37e547da]" started-at="2022-02-08T14:17:08 GMT+01:00" name="setUpChrome" finished-at="2022-02-08T14:17:14 GMT+01:00" duration-ms="6246" status="PASS">
          <reporter-output>
            <line>
              <![CDATA[Driver got initialized]]>
            </line>
          </reporter-output>
        </test-method> <!-- setUpChrome -->
        <test-method signature="formationLink(java.lang.String,java.lang.String,java.lang.String,java.lang.String)[pri:0, instance:com.expertteam.ImproveSW.FormationTest@37e547da]" started-at="2022-02-08T14:17:14 GMT+01:00" name="formationLink" data-provider="FormationData" finished-at="2022-02-08T14:17:21 GMT+01:00" duration-ms="6187" status="PASS">
          <params>
            <param index="0">
              <value>
                <![CDATA[developpement]]>
              </value>
            </param>
            <param index="1">
              <value>
                <![CDATA[Développement des applications]]>
              </value>
            </param>
            <param index="2">
              <value>
                <![CDATA[Formation Python]]>
              </value>
            </param>
            <param index="3">
              <value>
                <![CDATA[Formation Python]]>
              </value>
            </param>
          </params>
          <reporter-output>
            <line>
              <![CDATA[Le titre correspond avec la page en cours]]>
            </line>
          </reporter-output>
        </test-method> <!-- formationLink -->
        <test-method is-config="true" signature="tearDown(org.testng.ITestResult)[pri:0, instance:com.expertteam.ImproveSW.FormationTest@37e547da]" started-at="2022-02-08T14:17:21 GMT+01:00" name="tearDown" finished-at="2022-02-08T14:17:25 GMT+01:00" duration-ms="4169" status="PASS">
          <params>
            <param index="0">
              <value>
                <![CDATA[[TestResult name=formationLink status=SUCCESS method=FormationTest.formationLink(java.lang.String,java.lang.String,java.lang.String,java.lang.String)[pri:0, instance:com.expertteam.ImproveSW.FormationTest@37e547da] output=Le titre correspond avec la page en cours]]]>
              </value>
            </param>
          </params>
          <reporter-output>
            <line>
              <![CDATA[Browser closed]]>
            </line>
          </reporter-output>
        </test-method> <!-- tearDown -->
        <test-method is-config="true" signature="setUpChrome()[pri:0, instance:com.expertteam.ImproveSW.FormationTest@37e547da]" started-at="2022-02-08T14:17:25 GMT+01:00" name="setUpChrome" finished-at="2022-02-08T14:17:31 GMT+01:00" duration-ms="6401" status="PASS">
          <reporter-output>
            <line>
              <![CDATA[Driver got initialized]]>
            </line>
          </reporter-output>
        </test-method> <!-- setUpChrome -->
        <test-method signature="formationLink(java.lang.String,java.lang.String,java.lang.String,java.lang.String)[pri:0, instance:com.expertteam.ImproveSW.FormationTest@37e547da]" started-at="2022-02-08T14:17:31 GMT+01:00" name="formationLink" data-provider="FormationData" finished-at="2022-02-08T14:17:37 GMT+01:00" duration-ms="6109" status="PASS">
          <params>
            <param index="0">
              <value>
                <![CDATA[developpement]]>
              </value>
            </param>
            <param index="1">
              <value>
                <![CDATA[Développement des applications]]>
              </value>
            </param>
            <param index="2">
              <value>
                <![CDATA[Formation Angular 2+]]>
              </value>
            </param>
            <param index="3">
              <value>
                <![CDATA[Angular 2+]]>
              </value>
            </param>
          </params>
          <reporter-output>
            <line>
              <![CDATA[Le titre correspond avec la page en cours]]>
            </line>
          </reporter-output>
        </test-method> <!-- formationLink -->
        <test-method is-config="true" signature="tearDown(org.testng.ITestResult)[pri:0, instance:com.expertteam.ImproveSW.FormationTest@37e547da]" started-at="2022-02-08T14:17:37 GMT+01:00" name="tearDown" finished-at="2022-02-08T14:17:41 GMT+01:00" duration-ms="4154" status="PASS">
          <params>
            <param index="0">
              <value>
                <![CDATA[[TestResult name=formationLink status=SUCCESS method=FormationTest.formationLink(java.lang.String,java.lang.String,java.lang.String,java.lang.String)[pri:0, instance:com.expertteam.ImproveSW.FormationTest@37e547da] output=Le titre correspond avec la page en cours]]]>
              </value>
            </param>
          </params>
          <reporter-output>
            <line>
              <![CDATA[Browser closed]]>
            </line>
          </reporter-output>
        </test-method> <!-- tearDown -->
        <test-method is-config="true" signature="setUpChrome()[pri:0, instance:com.expertteam.ImproveSW.FormationTest@37e547da]" started-at="2022-02-08T14:17:41 GMT+01:00" name="setUpChrome" finished-at="2022-02-08T14:17:49 GMT+01:00" duration-ms="7836" status="PASS">
          <reporter-output>
            <line>
              <![CDATA[Driver got initialized]]>
            </line>
          </reporter-output>
        </test-method> <!-- setUpChrome -->
        <test-method signature="formationLink(java.lang.String,java.lang.String,java.lang.String,java.lang.String)[pri:0, instance:com.expertteam.ImproveSW.FormationTest@37e547da]" started-at="2022-02-08T14:17:49 GMT+01:00" name="formationLink" data-provider="FormationData" finished-at="2022-02-08T14:17:56 GMT+01:00" duration-ms="6578" status="PASS">
          <params>
            <param index="0">
              <value>
                <![CDATA[developpement]]>
              </value>
            </param>
            <param index="1">
              <value>
                <![CDATA[Développement des applications]]>
              </value>
            </param>
            <param index="2">
              <value>
                <![CDATA[React JS]]>
              </value>
            </param>
            <param index="3">
              <value>
                <![CDATA[Formation React JS]]>
              </value>
            </param>
          </params>
          <reporter-output>
            <line>
              <![CDATA[Le titre correspond avec la page en cours]]>
            </line>
          </reporter-output>
        </test-method> <!-- formationLink -->
        <test-method is-config="true" signature="tearDown(org.testng.ITestResult)[pri:0, instance:com.expertteam.ImproveSW.FormationTest@37e547da]" started-at="2022-02-08T14:17:56 GMT+01:00" name="tearDown" finished-at="2022-02-08T14:18:00 GMT+01:00" duration-ms="4166" status="PASS">
          <params>
            <param index="0">
              <value>
                <![CDATA[[TestResult name=formationLink status=SUCCESS method=FormationTest.formationLink(java.lang.String,java.lang.String,java.lang.String,java.lang.String)[pri:0, instance:com.expertteam.ImproveSW.FormationTest@37e547da] output=Le titre correspond avec la page en cours]]]>
              </value>
            </param>
          </params>
          <reporter-output>
            <line>
              <![CDATA[Browser closed]]>
            </line>
          </reporter-output>
        </test-method> <!-- tearDown -->
        <test-method is-config="true" signature="setUpChrome()[pri:0, instance:com.expertteam.ImproveSW.FormationTest@37e547da]" started-at="2022-02-08T14:18:00 GMT+01:00" name="setUpChrome" finished-at="2022-02-08T14:18:12 GMT+01:00" duration-ms="11802" status="PASS">
          <reporter-output>
            <line>
              <![CDATA[Driver got initialized]]>
            </line>
          </reporter-output>
        </test-method> <!-- setUpChrome -->
        <test-method signature="formationLink(java.lang.String,java.lang.String,java.lang.String,java.lang.String)[pri:0, instance:com.expertteam.ImproveSW.FormationTest@37e547da]" started-at="2022-02-08T14:18:12 GMT+01:00" name="formationLink" data-provider="FormationData" finished-at="2022-02-08T14:18:18 GMT+01:00" duration-ms="6356" status="PASS">
          <params>
            <param index="0">
              <value>
                <![CDATA[management-developpement-personnel]]>
              </value>
            </param>
            <param index="1">
              <value>
                <![CDATA[Ingénierie des exigences]]>
              </value>
            </param>
            <param index="2">
              <value>
                <![CDATA[IQBBA Fondation Analyste Métier ( Business Analyst )]]>
              </value>
            </param>
            <param index="3">
              <value>
                <![CDATA[IQBBA Fondation Analyste Métier ( Business Analyst )]]>
              </value>
            </param>
          </params>
          <reporter-output>
            <line>
              <![CDATA[Le titre correspond avec la page en cours]]>
            </line>
          </reporter-output>
        </test-method> <!-- formationLink -->
        <test-method is-config="true" signature="tearDown(org.testng.ITestResult)[pri:0, instance:com.expertteam.ImproveSW.FormationTest@37e547da]" started-at="2022-02-08T14:18:18 GMT+01:00" name="tearDown" finished-at="2022-02-08T14:18:22 GMT+01:00" duration-ms="4134" status="PASS">
          <params>
            <param index="0">
              <value>
                <![CDATA[[TestResult name=formationLink status=SUCCESS method=FormationTest.formationLink(java.lang.String,java.lang.String,java.lang.String,java.lang.String)[pri:0, instance:com.expertteam.ImproveSW.FormationTest@37e547da] output=Le titre correspond avec la page en cours]]]>
              </value>
            </param>
          </params>
          <reporter-output>
            <line>
              <![CDATA[Browser closed]]>
            </line>
          </reporter-output>
        </test-method> <!-- tearDown -->
        <test-method is-config="true" signature="setUpChrome()[pri:0, instance:com.expertteam.ImproveSW.FormationTest@37e547da]" started-at="2022-02-08T14:18:22 GMT+01:00" name="setUpChrome" finished-at="2022-02-08T14:18:28 GMT+01:00" duration-ms="5911" status="PASS">
          <reporter-output>
            <line>
              <![CDATA[Driver got initialized]]>
            </line>
          </reporter-output>
        </test-method> <!-- setUpChrome -->
        <test-method signature="formationLink(java.lang.String,java.lang.String,java.lang.String,java.lang.String)[pri:0, instance:com.expertteam.ImproveSW.FormationTest@37e547da]" started-at="2022-02-08T14:18:28 GMT+01:00" name="formationLink" data-provider="FormationData" finished-at="2022-02-08T14:18:34 GMT+01:00" duration-ms="5486" status="PASS">
          <params>
            <param index="0">
              <value>
                <![CDATA[management-developpement-personnel]]>
              </value>
            </param>
            <param index="1">
              <value>
                <![CDATA[Ingénierie des exigences]]>
              </value>
            </param>
            <param index="2">
              <value>
                <![CDATA[REQB Fondation ingénierie des exigences]]>
              </value>
            </param>
            <param index="3">
              <value>
                <![CDATA[REQB Fondation ingénierie des exigences]]>
              </value>
            </param>
          </params>
          <reporter-output>
            <line>
              <![CDATA[Le titre correspond avec la page en cours]]>
            </line>
          </reporter-output>
        </test-method> <!-- formationLink -->
        <test-method is-config="true" signature="tearDown(org.testng.ITestResult)[pri:0, instance:com.expertteam.ImproveSW.FormationTest@37e547da]" started-at="2022-02-08T14:18:34 GMT+01:00" name="tearDown" finished-at="2022-02-08T14:18:38 GMT+01:00" duration-ms="4136" status="PASS">
          <params>
            <param index="0">
              <value>
                <![CDATA[[TestResult name=formationLink status=SUCCESS method=FormationTest.formationLink(java.lang.String,java.lang.String,java.lang.String,java.lang.String)[pri:0, instance:com.expertteam.ImproveSW.FormationTest@37e547da] output=Le titre correspond avec la page en cours]]]>
              </value>
            </param>
          </params>
          <reporter-output>
            <line>
              <![CDATA[Browser closed]]>
            </line>
          </reporter-output>
        </test-method> <!-- tearDown -->
        <test-method is-config="true" signature="setUpChrome()[pri:0, instance:com.expertteam.ImproveSW.FormationTest@37e547da]" started-at="2022-02-08T14:18:38 GMT+01:00" name="setUpChrome" finished-at="2022-02-08T14:18:45 GMT+01:00" duration-ms="7372" status="PASS">
          <reporter-output>
            <line>
              <![CDATA[Driver got initialized]]>
            </line>
          </reporter-output>
        </test-method> <!-- setUpChrome -->
        <test-method signature="formationLink(java.lang.String,java.lang.String,java.lang.String,java.lang.String)[pri:0, instance:com.expertteam.ImproveSW.FormationTest@37e547da]" started-at="2022-02-08T14:18:45 GMT+01:00" name="formationLink" data-provider="FormationData" finished-at="2022-02-08T14:18:51 GMT+01:00" duration-ms="5508" status="PASS">
          <params>
            <param index="0">
              <value>
                <![CDATA[management-developpement-personnel]]>
              </value>
            </param>
            <param index="1">
              <value>
                <![CDATA[Ingénierie des exigences]]>
              </value>
            </param>
            <param index="2">
              <value>
                <![CDATA[Maîtrise d’ouvrage conduire un projet]]>
              </value>
            </param>
            <param index="3">
              <value>
                <![CDATA[Maîtrise d’ouvrage conduire un projet]]>
              </value>
            </param>
          </params>
          <reporter-output>
            <line>
              <![CDATA[Le titre correspond avec la page en cours]]>
            </line>
          </reporter-output>
        </test-method> <!-- formationLink -->
        <test-method is-config="true" signature="tearDown(org.testng.ITestResult)[pri:0, instance:com.expertteam.ImproveSW.FormationTest@37e547da]" started-at="2022-02-08T14:18:51 GMT+01:00" name="tearDown" finished-at="2022-02-08T14:18:55 GMT+01:00" duration-ms="4150" status="PASS">
          <params>
            <param index="0">
              <value>
                <![CDATA[[TestResult name=formationLink status=SUCCESS method=FormationTest.formationLink(java.lang.String,java.lang.String,java.lang.String,java.lang.String)[pri:0, instance:com.expertteam.ImproveSW.FormationTest@37e547da] output=Le titre correspond avec la page en cours]]]>
              </value>
            </param>
          </params>
          <reporter-output>
            <line>
              <![CDATA[Browser closed]]>
            </line>
          </reporter-output>
        </test-method> <!-- tearDown -->
        <test-method is-config="true" signature="setUpChrome()[pri:0, instance:com.expertteam.ImproveSW.FormationTest@37e547da]" started-at="2022-02-08T14:18:55 GMT+01:00" name="setUpChrome" finished-at="2022-02-08T14:19:03 GMT+01:00" duration-ms="8509" status="PASS">
          <reporter-output>
            <line>
              <![CDATA[Driver got initialized]]>
            </line>
          </reporter-output>
        </test-method> <!-- setUpChrome -->
        <test-method signature="formationLink(java.lang.String,java.lang.String,java.lang.String,java.lang.String)[pri:0, instance:com.expertteam.ImproveSW.FormationTest@37e547da]" started-at="2022-02-08T14:19:03 GMT+01:00" name="formationLink" data-provider="FormationData" finished-at="2022-02-08T14:19:09 GMT+01:00" duration-ms="5746" status="PASS">
          <params>
            <param index="0">
              <value>
                <![CDATA[management-developpement-personnel]]>
              </value>
            </param>
            <param index="1">
              <value>
                <![CDATA[Ingénierie des exigences]]>
              </value>
            </param>
            <param index="2">
              <value>
                <![CDATA[Design Thinking]]>
              </value>
            </param>
            <param index="3">
              <value>
                <![CDATA[Design Thinking]]>
              </value>
            </param>
          </params>
          <reporter-output>
            <line>
              <![CDATA[Le titre correspond avec la page en cours]]>
            </line>
          </reporter-output>
        </test-method> <!-- formationLink -->
        <test-method is-config="true" signature="tearDown(org.testng.ITestResult)[pri:0, instance:com.expertteam.ImproveSW.FormationTest@37e547da]" started-at="2022-02-08T14:19:09 GMT+01:00" name="tearDown" finished-at="2022-02-08T14:19:13 GMT+01:00" duration-ms="4151" status="PASS">
          <params>
            <param index="0">
              <value>
[...]
        <test-method is-config="true" signature="tearDown(org.testng.ITestResult)[pri:0, instance:com.expertteam.ImproveSW.CursusTest@212bf671]" started-at="2022-02-08T14:08:13 GMT+01:00" name="tearDown" finished-at="2022-02-08T14:08:17 GMT+01:00" duration-ms="4145" status="PASS">
          <params>
            <param index="0">
              <value>
                <![CDATA[[TestResult name=ElementofNosCursusTest status=SUCCESS method=CursusTest.ElementofNosCursusTest()[pri:0, instance:com.expertteam.ImproveSW.CursusTest@212bf671] output=Le titre correspond avec la liste de cursus]]]>
              </value>
            </param>
          </params>
          <reporter-output>
            <line>
              <![CDATA[Browser closed]]>
            </line>
          </reporter-output>
        </test-method> <!-- tearDown -->
        <test-method is-config="true" signature="setUpChrome()[pri:0, instance:com.expertteam.ImproveSW.CursusTest@212bf671]" started-at="2022-02-08T14:08:17 GMT+01:00" name="setUpChrome" finished-at="2022-02-08T14:08:25 GMT+01:00" duration-ms="7818" status="PASS">
          <reporter-output>
            <line>
              <![CDATA[Driver got initialized]]>
            </line>
          </reporter-output>
        </test-method> <!-- setUpChrome -->
        <test-method signature="SelectTLAofNosCursusTest()[pri:1, instance:com.expertteam.ImproveSW.CursusTest@212bf671]" started-at="2022-02-08T14:08:25 GMT+01:00" name="SelectTLAofNosCursusTest" finished-at="2022-02-08T14:08:32 GMT+01:00" duration-ms="7191" status="PASS">
          <reporter-output>
            <line>
              <![CDATA[Le titre correspond avec la page en cours]]>
            </line>
          </reporter-output>
        </test-method> <!-- SelectTLAofNosCursusTest -->
        <test-method is-config="true" signature="tearDown(org.testng.ITestResult)[pri:0, instance:com.expertteam.ImproveSW.CursusTest@212bf671]" started-at="2022-02-08T14:08:32 GMT+01:00" name="tearDown" finished-at="2022-02-08T14:08:36 GMT+01:00" duration-ms="4141" status="PASS">
          <params>
            <param index="0">
              <value>
                <![CDATA[[TestResult name=SelectTLAofNosCursusTest status=SUCCESS method=CursusTest.SelectTLAofNosCursusTest()[pri:1, instance:com.expertteam.ImproveSW.CursusTest@212bf671] output=Le titre correspond avec la page en cours]]]>
              </value>
            </param>
          </params>
          <reporter-output>
            <line>
              <![CDATA[Browser closed]]>
            </line>
          </reporter-output>
        </test-method> <!-- tearDown -->
        <test-method is-config="true" signature="setUpChrome()[pri:0, instance:com.expertteam.ImproveSW.CursusTest@212bf671]" started-at="2022-02-08T14:08:36 GMT+01:00" name="setUpChrome" finished-at="2022-02-08T14:08:42 GMT+01:00" duration-ms="5959" status="PASS">
          <reporter-output>
            <line>
              <![CDATA[Driver got initialized]]>
            </line>
          </reporter-output>
        </test-method> <!-- setUpChrome -->
        <test-method signature="cursusTest(java.lang.String,java.lang.String)[pri:2, instance:com.expertteam.ImproveSW.CursusTest@212bf671]" started-at="2022-02-08T14:08:42 GMT+01:00" name="cursusTest" data-provider="CursusData" finished-at="2022-02-08T14:08:47 GMT+01:00" duration-ms="4993" status="PASS">
          <params>
            <param index="0">
              <value>
                <![CDATA[testeur-logiciel-et-automatisation]]>
              </value>
            </param>
            <param index="1">
              <value>
                <![CDATA[ Testeur logiciel et automatisation]]>
              </value>
            </param>
          </params>
          <reporter-output>
            <line>
              <![CDATA[Le titre correspond avec la page en cours]]>
            </line>
          </reporter-output>
        </test-method> <!-- cursusTest -->
        <test-method is-config="true" signature="tearDown(org.testng.ITestResult)[pri:0, instance:com.expertteam.ImproveSW.CursusTest@212bf671]" started-at="2022-02-08T14:08:47 GMT+01:00" name="tearDown" finished-at="2022-02-08T14:08:51 GMT+01:00" duration-ms="4166" status="PASS">
          <params>
            <param index="0">
              <value>
                <![CDATA[[TestResult name=cursusTest status=SUCCESS method=CursusTest.cursusTest(java.lang.String,java.lang.String)[pri:2, instance:com.expertteam.ImproveSW.CursusTest@212bf671] output=Le titre correspond avec la page en cours]]]>
              </value>
            </param>
          </params>
          <reporter-output>
            <line>
              <![CDATA[Browser closed]]>
            </line>
          </reporter-output>
        </test-method> <!-- tearDown -->
        <test-method is-config="true" signature="setUpChrome()[pri:0, instance:com.expertteam.ImproveSW.CursusTest@212bf671]" started-at="2022-02-08T14:08:51 GMT+01:00" name="setUpChrome" finished-at="2022-02-08T14:09:02 GMT+01:00" duration-ms="10442" status="PASS">
          <reporter-output>
            <line>
              <![CDATA[Driver got initialized]]>
            </line>
          </reporter-output>
        </test-method> <!-- setUpChrome -->
        <test-method signature="cursusTest(java.lang.String,java.lang.String)[pri:2, instance:com.expertteam.ImproveSW.CursusTest@212bf671]" started-at="2022-02-08T14:09:02 GMT+01:00" name="cursusTest" data-provider="CursusData" finished-at="2022-02-08T14:09:08 GMT+01:00" duration-ms="5740" status="PASS">
          <params>
            <param index="0">
              <value>
                <![CDATA[testeur-automaticien]]>
              </value>
            </param>
            <param index="1">
              <value>
                <![CDATA[ Développeur Full stack JS]]>
              </value>
            </param>
          </params>
          <reporter-output>
            <line>
              <![CDATA[Le titre correspond avec la page en cours]]>
            </line>
          </reporter-output>
        </test-method> <!-- cursusTest -->
        <test-method is-config="true" signature="tearDown(org.testng.ITestResult)[pri:0, instance:com.expertteam.ImproveSW.CursusTest@212bf671]" started-at="2022-02-08T14:09:08 GMT+01:00" name="tearDown" finished-at="2022-02-08T14:09:08 GMT+01:00" duration-ms="41" status="PASS">
          <params>
            <param index="0">
              <value>
                <![CDATA[[TestResult name=cursusTest status=SUCCESS method=CursusTest.cursusTest(java.lang.String,java.lang.String)[pri:2, instance:com.expertteam.ImproveSW.CursusTest@212bf671] output=Le titre correspond avec la page en cours]]]>
              </value>
            </param>
          </params>
          <reporter-output>
            <line>
              <![CDATA[Browser closed]]>
            </line>
          </reporter-output>
        </test-method> <!-- tearDown -->
        <test-method is-config="true" signature="setUpChrome()[pri:0, instance:com.expertteam.ImproveSW.CursusTest@212bf671]" started-at="2022-02-08T14:09:08 GMT+01:00" name="setUpChrome" finished-at="2022-02-08T14:09:15 GMT+01:00" duration-ms="7104" status="PASS">
          <reporter-output>
            <line>
              <![CDATA[Driver got initialized]]>
            </line>
          </reporter-output>
        </test-method> <!-- setUpChrome -->
        <test-method signature="cursusTest(java.lang.String,java.lang.String)[pri:2, instance:com.expertteam.ImproveSW.CursusTest@212bf671]" started-at="2022-02-08T14:09:15 GMT+01:00" name="cursusTest" data-provider="CursusData" finished-at="2022-02-08T14:09:20 GMT+01:00" duration-ms="5315" status="PASS">
          <params>
            <param index="0">
              <value>
                <![CDATA[developpeur-full-stack-js]]>
              </value>
            </param>
            <param index="1">
              <value>
                <![CDATA[UX/UI Designer]]>
              </value>
            </param>
          </params>
          <reporter-output>
            <line>
              <![CDATA[Le titre correspond avec la page en cours]]>
            </line>
          </reporter-output>
        </test-method> <!-- cursusTest -->
        <test-method is-config="true" signature="tearDown(org.testng.ITestResult)[pri:0, instance:com.expertteam.ImproveSW.CursusTest@212bf671]" started-at="2022-02-08T14:09:20 GMT+01:00" name="tearDown" finished-at="2022-02-08T14:09:24 GMT+01:00" duration-ms="4176" status="PASS">
          <params>
            <param index="0">
              <value>
                <![CDATA[[TestResult name=cursusTest status=SUCCESS method=CursusTest.cursusTest(java.lang.String,java.lang.String)[pri:2, instance:com.expertteam.ImproveSW.CursusTest@212bf671] output=Le titre correspond avec la page en cours]]]>
              </value>
            </param>
          </params>
          <reporter-output>
            <line>
              <![CDATA[Browser closed]]>
            </line>
          </reporter-output>
        </test-method> <!-- tearDown -->
        <test-method is-config="true" signature="setUpChrome()[pri:0, instance:com.expertteam.ImproveSW.CursusTest@212bf671]" started-at="2022-02-08T14:09:24 GMT+01:00" name="setUpChrome" finished-at="2022-02-08T14:09:29 GMT+01:00" duration-ms="5051" status="PASS">
          <reporter-output>
            <line>
              <![CDATA[Driver got initialized]]>
            </line>
          </reporter-output>
        </test-method> <!-- setUpChrome -->
        <test-method signature="cursusTest(java.lang.String,java.lang.String)[pri:2, instance:com.expertteam.ImproveSW.CursusTest@212bf671]" started-at="2022-02-08T14:09:29 GMT+01:00" name="cursusTest" data-provider="CursusData" finished-at="2022-02-08T14:09:36 GMT+01:00" duration-ms="6423" status="PASS">
          <params>
            <param index="0">
              <value>
                <![CDATA[developpeur-applications-mobiles]]>
              </value>
            </param>
            <param index="1">
              <value>
                <![CDATA[IT Acquisition Talent]]>
              </value>
            </param>
          </params>
          <reporter-output>
            <line>
              <![CDATA[Le titre correspond avec la page en cours]]>
            </line>
          </reporter-output>
        </test-method> <!-- cursusTest -->
        <test-method is-config="true" signature="tearDown(org.testng.ITestResult)[pri:0, instance:com.expertteam.ImproveSW.CursusTest@212bf671]" started-at="2022-02-08T14:09:36 GMT+01:00" name="tearDown" finished-at="2022-02-08T14:09:40 GMT+01:00" duration-ms="4157" status="PASS">
          <params>
            <param index="0">
              <value>
                <![CDATA[[TestResult name=cursusTest status=SUCCESS method=CursusTest.cursusTest(java.lang.String,java.lang.String)[pri:2, instance:com.expertteam.ImproveSW.CursusTest@212bf671] output=Le titre correspond avec la page en cours]]]>
              </value>
            </param>
          </params>
          <reporter-output>
            <line>
              <![CDATA[Browser closed]]>
            </line>
          </reporter-output>
        </test-method> <!-- tearDown -->
        <test-method is-config="true" signature="setUpChrome()[pri:0, instance:com.expertteam.ImproveSW.CursusTest@212bf671]" started-at="2022-02-08T14:09:40 GMT+01:00" name="setUpChrome" finished-at="2022-02-08T14:09:46 GMT+01:00" duration-ms="6150" status="PASS">
          <reporter-output>
            <line>
              <![CDATA[Driver got initialized]]>
            </line>
          </reporter-output>
        </test-method> <!-- setUpChrome -->
        <test-method signature="cursusTest(java.lang.String,java.lang.String)[pri:2, instance:com.expertteam.ImproveSW.CursusTest@212bf671]" started-at="2022-02-08T14:09:46 GMT+01:00" name="cursusTest" data-provider="CursusData" finished-at="2022-02-08T14:09:51 GMT+01:00" duration-ms="5013" status="PASS">
          <params>
            <param index="0">
              <value>
                <![CDATA[ux-ui-designer]]>
              </value>
            </param>
            <param index="1">
              <value>
                <![CDATA[Testeur Automatisation]]>
              </value>
            </param>
          </params>
          <reporter-output>
            <line>
              <![CDATA[Le titre correspond avec la page en cours]]>
            </line>
          </reporter-output>
        </test-method> <!-- cursusTest -->
        <test-method is-config="true" signature="tearDown(org.testng.ITestResult)[pri:0, instance:com.expertteam.ImproveSW.CursusTest@212bf671]" started-at="2022-02-08T14:09:51 GMT+01:00" name="tearDown" finished-at="2022-02-08T14:09:55 GMT+01:00" duration-ms="4172" status="PASS">
          <params>
            <param index="0">
              <value>
                <![CDATA[[TestResult name=cursusTest status=SUCCESS method=CursusTest.cursusTest(java.lang.String,java.lang.String)[pri:2, instance:com.expertteam.ImproveSW.CursusTest@212bf671] output=Le titre correspond avec la page en cours]]]>
              </value>
            </param>
          </params>
          <reporter-output>
            <line>
              <![CDATA[Browser closed]]>
            </line>
          </reporter-output>
        </test-method> <!-- tearDown -->
        <test-method is-config="true" signature="setUpChrome()[pri:0, instance:com.expertteam.ImproveSW.CursusTest@212bf671]" started-at="2022-02-08T14:09:55 GMT+01:00" name="setUpChrome" finished-at="2022-02-08T14:10:01 GMT+01:00" duration-ms="5588" status="PASS">
          <reporter-output>
            <line>
              <![CDATA[Driver got initialized]]>
            </line>
          </reporter-output>
        </test-method> <!-- setUpChrome -->
        <test-method signature="cursusTest(java.lang.String,java.lang.String)[pri:2, instance:com.expertteam.ImproveSW.CursusTest@212bf671]" started-at="2022-02-08T14:10:01 GMT+01:00" name="cursusTest" data-provider="CursusData" finished-at="2022-02-08T14:10:06 GMT+01:00" duration-ms="5038" status="PASS">
          <params>
            <param index="0">
              <value>
                <![CDATA[marketing-digital]]>
              </value>
            </param>
            <param index="1">
              <value>
                <![CDATA[ Développeur Applications Mobiles]]>
              </value>
            </param>
          </params>
          <reporter-output>
            <line>
              <![CDATA[Le titre correspond avec la page en cours]]>
            </line>
          </reporter-output>
        </test-method> <!-- cursusTest -->
        <test-method is-config="true" signature="tearDown(org.testng.ITestResult)[pri:0, instance:com.expertteam.ImproveSW.CursusTest@212bf671]" started-at="2022-02-08T14:10:06 GMT+01:00" name="tearDown" finished-at="2022-02-08T14:10:10 GMT+01:00" duration-ms="4175" status="PASS">
          <params>
            <param index="0">
              <value>
                <![CDATA[[TestResult name=cursusTest status=SUCCESS method=CursusTest.cursusTest(java.lang.String,java.lang.String)[pri:2, instance:com.expertteam.ImproveSW.CursusTest@212bf671] output=Le titre correspond avec la page en cours]]]>
              </value>
            </param>
          </params>
          <reporter-output>
            <line>
              <![CDATA[Browser closed]]>
            </line>
          </reporter-output>
        </test-method> <!-- tearDown -->
        <test-method is-config="true" signature="setUpChrome()[pri:0, instance:com.expertteam.ImproveSW.CursusTest@212bf671]" started-at="2022-02-08T14:10:10 GMT+01:00" name="setUpChrome" finished-at="2022-02-08T14:10:15 GMT+01:00" duration-ms="5394" status="PASS">
          <reporter-output>
            <line>
              <![CDATA[Driver got initialized]]>
            </line>
          </reporter-output>
        </test-method> <!-- setUpChrome -->
        <test-method signature="cursusTest(java.lang.String,java.lang.String)[pri:2, instance:com.expertteam.ImproveSW.CursusTest@212bf671]" started-at="2022-02-08T14:10:15 GMT+01:00" name="cursusTest" data-provider="CursusData" finished-at="2022-02-08T14:10:20 GMT+01:00" duration-ms="5042" status="PASS">
          <params>
            <param index="0">
              <value>
                <![CDATA[responsable-commerciale]]>
              </value>
            </param>
            <param index="1">
              <value>
                <![CDATA[Marketing digital]]>
              </value>
            </param>
          </params>
          <reporter-output>
            <line>
              <![CDATA[Le titre correspond avec la page en cours]]>
            </line>
          </reporter-output>
        </test-method> <!-- cursusTest -->
        <test-method is-config="true" signature="tearDown(org.testng.ITestResult)[pri:0, instance:com.expertteam.ImproveSW.CursusTest@212bf671]" started-at="2022-02-08T14:10:20 GMT+01:00" name="tearDown" finished-at="2022-02-08T14:10:25 GMT+01:00" duration-ms="4161" status="PASS">
          <params>
            <param index="0">
              <value>
                <![CDATA[[TestResult name=cursusTest status=SUCCESS method=CursusTest.cursusTest(java.lang.String,java.lang.String)[pri:2, instance:com.expertteam.ImproveSW.CursusTest@212bf671] output=Le titre correspond avec la page en cours]]]>
              </value>
            </param>
          </params>
          <reporter-output>
            <line>
              <![CDATA[Browser closed]]>
            </line>
          </reporter-output>
        </test-method> <!-- tearDown -->
        <test-method is-config="true" signature="setUpChrome()[pri:0, instance:com.expertteam.ImproveSW.CursusTest@212bf671]" started-at="2022-02-08T14:10:25 GMT+01:00" name="setUpChrome" finished-at="2022-02-08T14:10:30 GMT+01:00" duration-ms="5636" status="PASS">
          <reporter-output>
            <line>
              <![CDATA[Driver got initialized]]>
            </line>
          </reporter-output>
        </test-method> <!-- setUpChrome -->
        <test-method signature="cursusTest(java.lang.String,java.lang.String)[pri:2, instance:com.expertteam.ImproveSW.CursusTest@212bf671]" started-at="2022-02-08T14:10:30 GMT+01:00" name="cursusTest" data-provider="CursusData" finished-at="2022-02-08T14:10:36 GMT+01:00" duration-ms="6051" status="PASS">
          <params>
            <param index="0">
              <value>
                <![CDATA[it-acquisition-talent-cursus]]>
              </value>
            </param>
            <param index="1">
              <value>
                <![CDATA[Responsable commerciale]]>
              </value>
            </param>
          </params>
          <reporter-output>
            <line>
              <![CDATA[Le titre correspond avec la page en cours]]>
            </line>
          </reporter-output>
        </test-method> <!-- cursusTest -->
        <test-method is-config="true" signature="tearDown(org.testng.ITestResult)[pri:0, instance:com.expertteam.ImproveSW.CursusTest@212bf671]" started-at="2022-02-08T14:10:36 GMT+01:00" name="tearDown" finished-at="2022-02-08T14:10:40 GMT+01:00" duration-ms="4150" status="PASS">
          <params>
            <param index="0">
              <value>
                <![CDATA[[TestResult name=cursusTest status=SUCCESS method=CursusTest.cursusTest(java.lang.String,java.lang.String)[pri:2, instance:com.expertteam.ImproveSW.CursusTest@212bf671] output=Le titre correspond avec la page en cours]]]>
              </value>
            </param>
          </params>
          <reporter-output>
            <line>
              <![CDATA[Browser closed]]>
            </line>
          </reporter-output>
        </test-method> <!-- tearDown -->
      </class> <!-- com.expertteam.ImproveSW.CursusTest -->
    </test> <!-- Surefire test -->
  </suite> <!-- Surefire suite -->
</testng-results>
