<?xml version="1.0" encoding="UTF-8"?>
<testsuite xmlns:xsi="http://www.w3.org/2001/XMLSchema-instance" xsi:noNamespaceSchemaLocation="https://maven.apache.org/surefire/maven-surefire-plugin/xsd/surefire-test-report.xsd" name="TestSuite" time="831.49" tests="48" errors="0" skipped="0" failures="0">
  <properties>
[...]
</properties>
  <testcase name="ElementofNosCursusTest" classname="com.expertteam.ImproveSW.CursusTest" time="3.257"/>
  <testcase name="SelectTLAofNosCursusTest" classname="com.expertteam.ImproveSW.CursusTest" time="7.191"/>
  <testcase name="cursusTest" classname="com.expertteam.ImproveSW.CursusTest" time="4.992"/>
  <testcase name="cursusTest" classname="com.expertteam.ImproveSW.CursusTest" time="5.741"/>
  <testcase name="cursusTest" classname="com.expertteam.ImproveSW.CursusTest" time="5.315"/>
  <testcase name="cursusTest" classname="com.expertteam.ImproveSW.CursusTest" time="6.423"/>
  <testcase name="cursusTest" classname="com.expertteam.ImproveSW.CursusTest" time="5.014"/>
  <testcase name="cursusTest" classname="com.expertteam.ImproveSW.CursusTest" time="5.038"/>
  <testcase name="cursusTest" classname="com.expertteam.ImproveSW.CursusTest" time="5.043"/>
  <testcase name="cursusTest" classname="com.expertteam.ImproveSW.CursusTest" time="6.05"/>
  <testcase name="DemandeDevisTest" classname="com.expertteam.ImproveSW.DevisTest" time="4.698"/>
  <testcase name="DemandeDevisTestError" classname="com.expertteam.ImproveSW.DevisTest" time="2.823"/>
  <testcase name="formationLink" classname="com.expertteam.ImproveSW.FormationTest" time="6.236"/>
  <testcase name="formationLink" classname="com.expertteam.ImproveSW.FormationTest" time="6.474"/>
  <testcase name="formationLink" classname="com.expertteam.ImproveSW.FormationTest" time="6.735"/>
  <testcase name="formationLink" classname="com.expertteam.ImproveSW.FormationTest" time="6.427"/>
  <testcase name="formationLink" classname="com.expertteam.ImproveSW.FormationTest" time="6.172"/>
  <testcase name="formationLink" classname="com.expertteam.ImproveSW.FormationTest" time="6.186"/>
  <testcase name="formationLink" classname="com.expertteam.ImproveSW.FormationTest" time="6.203"/>
  <testcase name="formationLink" classname="com.expertteam.ImproveSW.FormationTest" time="6.924"/>
  <testcase name="formationLink" classname="com.expertteam.ImproveSW.FormationTest" time="6.261"/>
  <testcase name="formationLink" classname="com.expertteam.ImproveSW.FormationTest" time="6.507"/>
  <testcase name="formationLink" classname="com.expertteam.ImproveSW.FormationTest" time="7.58"/>
  <testcase name="formationLink" classname="com.expertteam.ImproveSW.FormationTest" time="6.271"/>
  <testcase name="formationLink" classname="com.expertteam.ImproveSW.FormationTest" time="6.752"/>
  <testcase name="formationLink" classname="com.expertteam.ImproveSW.FormationTest" time="6.759"/>
  <testcase name="formationLink" classname="com.expertteam.ImproveSW.FormationTest" time="6.562"/>
  <testcase name="formationLink" classname="com.expertteam.ImproveSW.FormationTest" time="6.511"/>
  <testcase name="formationLink" classname="com.expertteam.ImproveSW.FormationTest" time="5.932"/>
  <testcase name="formationLink" classname="com.expertteam.ImproveSW.FormationTest" time="5.978"/>
  <testcase name="formationLink" classname="com.expertteam.ImproveSW.FormationTest" time="7.335"/>
  <testcase name="formationLink" classname="com.expertteam.ImproveSW.FormationTest" time="6.293"/>
  <testcase name="formationLink" classname="com.expertteam.ImproveSW.FormationTest" time="6.187"/>
  <testcase name="formationLink" classname="com.expertteam.ImproveSW.FormationTest" time="6.109"/>
  <testcase name="formationLink" classname="com.expertteam.ImproveSW.FormationTest" time="6.578"/>
  <testcase name="formationLink" classname="com.expertteam.ImproveSW.FormationTest" time="6.356"/>
  <testcase name="formationLink" classname="com.expertteam.ImproveSW.FormationTest" time="5.485"/>
  <testcase name="formationLink" classname="com.expertteam.ImproveSW.FormationTest" time="5.508"/>
  <testcase name="formationLink" classname="com.expertteam.ImproveSW.FormationTest" time="5.746"/>
  <testcase name="formationLink" classname="com.expertteam.ImproveSW.FormationTest" time="5.879"/>
  <testcase name="formationLink" classname="com.expertteam.ImproveSW.FormationTest" time="5.562"/>
  <testcase name="formationLink" classname="com.expertteam.ImproveSW.FormationTest" time="6.558"/>
  <testcase name="formationLink" classname="com.expertteam.ImproveSW.FormationTest" time="6.372"/>
  <testcase name="formationLink" classname="com.expertteam.ImproveSW.FormationTest" time="5.666"/>
  <testcase name="formationLink" classname="com.expertteam.ImproveSW.FormationTest" time="5.405"/>
  <testcase name="formationLink" classname="com.expertteam.ImproveSW.FormationTest" time="5.855"/>
  <testcase name="FacebookHeaderTest" classname="com.expertteam.ImproveSW.SocialMediaTest" time="3.153"/>
  <testcase name="InstagramHeaderTest" classname="com.expertteam.ImproveSW.SocialMediaTest" time="3.645"/>
</testsuite>