<?xml version="1.0" encoding="UTF-8"?>
<testsuite xmlns:xsi="http://www.w3.org/2001/XMLSchema-instance" xsi:noNamespaceSchemaLocation="https://maven.apache.org/surefire/maven-surefire-plugin/xsd/surefire-test-report.xsd" name="TestSuite" time="466.629" tests="48" errors="0" skipped="0" failures="0">
  <properties>
[...]
</properties>
  <testcase name="ElementofNosCursusTest" classname="com.expertteam.ImproveSW.CursusTest" time="3.313"/>
  <testcase name="SelectTLAofNosCursusTest" classname="com.expertteam.ImproveSW.CursusTest" time="6.28"/>
  <testcase name="cursusTest" classname="com.expertteam.ImproveSW.CursusTest" time="4.037"/>
  <testcase name="cursusTest" classname="com.expertteam.ImproveSW.CursusTest" time="3.96"/>
  <testcase name="cursusTest" classname="com.expertteam.ImproveSW.CursusTest" time="3.965"/>
  <testcase name="cursusTest" classname="com.expertteam.ImproveSW.CursusTest" time="3.913"/>
  <testcase name="cursusTest" classname="com.expertteam.ImproveSW.CursusTest" time="4.238"/>
  <testcase name="cursusTest" classname="com.expertteam.ImproveSW.CursusTest" time="4.257"/>
  <testcase name="cursusTest" classname="com.expertteam.ImproveSW.CursusTest" time="4.148"/>
  <testcase name="cursusTest" classname="com.expertteam.ImproveSW.CursusTest" time="4.007"/>
  <testcase name="DemandeDevisTest" classname="com.expertteam.ImproveSW.DevisTest" time="4.58"/>
  <testcase name="DemandeDevisTestError" classname="com.expertteam.ImproveSW.DevisTest" time="2.59"/>
  <testcase name="formationLink" classname="com.expertteam.ImproveSW.FormationTest" time="5.017"/>
  <testcase name="formationLink" classname="com.expertteam.ImproveSW.FormationTest" time="5.122"/>
  <testcase name="formationLink" classname="com.expertteam.ImproveSW.FormationTest" time="5.047"/>
  <testcase name="formationLink" classname="com.expertteam.ImproveSW.FormationTest" time="4.952"/>
  <testcase name="formationLink" classname="com.expertteam.ImproveSW.FormationTest" time="5.025"/>
  <testcase name="formationLink" classname="com.expertteam.ImproveSW.FormationTest" time="5.056"/>
  <testcase name="formationLink" classname="com.expertteam.ImproveSW.FormationTest" time="5.066"/>
  <testcase name="formationLink" classname="com.expertteam.ImproveSW.FormationTest" time="5.315"/>
  <testcase name="formationLink" classname="com.expertteam.ImproveSW.FormationTest" time="5.02"/>
  <testcase name="formationLink" classname="com.expertteam.ImproveSW.FormationTest" time="5.15"/>
  <testcase name="formationLink" classname="com.expertteam.ImproveSW.FormationTest" time="5.458"/>
  <testcase name="formationLink" classname="com.expertteam.ImproveSW.FormationTest" time="5.747"/>
  <testcase name="formationLink" classname="com.expertteam.ImproveSW.FormationTest" time="5.14"/>
  <testcase name="formationLink" classname="com.expertteam.ImproveSW.FormationTest" time="5.129"/>
  <testcase name="formationLink" classname="com.expertteam.ImproveSW.FormationTest" time="5.154"/>
  <testcase name="formationLink" classname="com.expertteam.ImproveSW.FormationTest" time="5.077"/>
  <testcase name="formationLink" classname="com.expertteam.ImproveSW.FormationTest" time="5.144"/>
  <testcase name="formationLink" classname="com.expertteam.ImproveSW.FormationTest" time="5.21"/>
  <testcase name="formationLink" classname="com.expertteam.ImproveSW.FormationTest" time="5.016"/>
  <testcase name="formationLink" classname="com.expertteam.ImproveSW.FormationTest" time="4.97"/>
  <testcase name="formationLink" classname="com.expertteam.ImproveSW.FormationTest" time="5.379"/>
  <testcase name="formationLink" classname="com.expertteam.ImproveSW.FormationTest" time="5.135"/>
  <testcase name="formationLink" classname="com.expertteam.ImproveSW.FormationTest" time="5.015"/>
  <testcase name="formationLink" classname="com.expertteam.ImproveSW.FormationTest" time="4.94"/>
  <testcase name="formationLink" classname="com.expertteam.ImproveSW.FormationTest" time="4.353"/>
  <testcase name="formationLink" classname="com.expertteam.ImproveSW.FormationTest" time="4.838"/>
  <testcase name="formationLink" classname="com.expertteam.ImproveSW.FormationTest" time="4.727"/>
  <testcase name="formationLink" classname="com.expertteam.ImproveSW.FormationTest" time="4.603"/>
  <testcase name="formationLink" classname="com.expertteam.ImproveSW.FormationTest" time="4.786"/>
  <testcase name="formationLink" classname="com.expertteam.ImproveSW.FormationTest" time="4.731"/>
  <testcase name="formationLink" classname="com.expertteam.ImproveSW.FormationTest" time="4.808"/>
  <testcase name="formationLink" classname="com.expertteam.ImproveSW.FormationTest" time="4.514"/>
  <testcase name="formationLink" classname="com.expertteam.ImproveSW.FormationTest" time="4.542"/>
  <testcase name="formationLink" classname="com.expertteam.ImproveSW.FormationTest" time="4.411"/>
  <testcase name="FacebookHeaderTest" classname="com.expertteam.ImproveSW.SocialMediaTest" time="0.955"/>
  <testcase name="InstagramHeaderTest" classname="com.expertteam.ImproveSW.SocialMediaTest" time="2.024"/>
</testsuite>