<?xml version="1.0" encoding="UTF-8"?>
<testng-results ignored="0" total="2" passed="1" failed="1" skipped="0">
  <reporter-output>
    <line>
      <![CDATA[Driver got initialized]]>
    </line>
    <line>
      <![CDATA[Browser closed]]>
    </line>
    <line>
      <![CDATA[Driver got initialized]]>
    </line>
    <line>
      <![CDATA[Browser closed]]>
    </line>
  </reporter-output>
  <suite started-at="2022-01-27T14:42:11 GMT+01:00" name="Default suite" finished-at="2022-01-27T14:42:32 GMT+01:00" duration-ms="21765">
    <groups>
    </groups>
    <test started-at="2022-01-27T14:42:11 GMT+01:00" name="Default test" finished-at="2022-01-27T14:42:32 GMT+01:00" duration-ms="21765">
      <class name="com.expertteam.ImproveSW.CursusTest">
        <test-method is-config="true" signature="setUpChrome()[pri:0, instance:com.expertteam.ImproveSW.CursusTest@3e11f9e9]" started-at="2022-01-27T14:42:11 GMT+01:00" name="setUpChrome" finished-at="2022-01-27T14:42:18 GMT+01:00" duration-ms="6753" status="PASS">
          <reporter-output>
            <line>
              <![CDATA[Driver got initialized]]>
            </line>
          </reporter-output>
        </test-method> <!-- setUpChrome -->
        <test-method signature="ElementofNosCursusTest()[pri:0, instance:com.expertteam.ImproveSW.CursusTest@3e11f9e9]" started-at="2022-01-27T14:42:18 GMT+01:00" name="ElementofNosCursusTest" finished-at="2022-01-27T14:42:21 GMT+01:00" duration-ms="3274" status="PASS">
          <reporter-output>
          </reporter-output>
        </test-method> <!-- ElementofNosCursusTest -->
        <test-method is-config="true" signature="tearDown(org.testng.ITestResult)[pri:0, instance:com.expertteam.ImproveSW.CursusTest@3e11f9e9]" started-at="2022-01-27T14:42:21 GMT+01:00" name="tearDown" finished-at="2022-01-27T14:42:25 GMT+01:00" duration-ms="4065" status="PASS">
          <params>
            <param index="0">
              <value>
                <![CDATA[[TestResult name=ElementofNosCursusTest status=SUCCESS method=CursusTest.ElementofNosCursusTest()[pri:0, instance:com.expertteam.ImproveSW.CursusTest@3e11f9e9] output={null}]]]>
              </value>
            </param>
          </params>
          <reporter-output>
            <line>
              <![CDATA[Browser closed]]>
            </line>
          </reporter-output>
        </test-method> <!-- tearDown -->
        <test-method is-config="true" signature="setUpChrome()[pri:0, instance:com.expertteam.ImproveSW.CursusTest@3e11f9e9]" started-at="2022-01-27T14:42:25 GMT+01:00" name="setUpChrome" finished-at="2022-01-27T14:42:28 GMT+01:00" duration-ms="3423" status="PASS">
          <reporter-output>
            <line>
              <![CDATA[Driver got initialized]]>
            </line>
          </reporter-output>
        </test-method> <!-- setUpChrome -->
        <test-method signature="SelectElementofNosCursusTest()[pri:0, instance:com.expertteam.ImproveSW.CursusTest@3e11f9e9]" started-at="2022-01-27T14:42:28 GMT+01:00" name="SelectElementofNosCursusTest" finished-at="2022-01-27T14:42:32 GMT+01:00" duration-ms="4037" status="FAIL">
          <exception class="org.openqa.selenium.StaleElementReferenceException">
            <message>
              <![CDATA[stale element reference: element is not attached to the page document
  (Session info: chrome=97.0.4692.99)
For documentation on this error, please visit: https://selenium.dev/exceptions/#stale_element_reference
Build info: version: '4.0.0-alpha-5', revision: 'b3a0d621cc'
System info: host: 'MAYMANAF', ip: '192.168.100.17', os.name: 'Windows 10', os.arch: 'amd64', os.version: '10.0', java.version: '15.0.2'
Driver info: org.openqa.selenium.chrome.ChromeDriver
Capabilities {acceptInsecureCerts: false, browserName: chrome, browserVersion: 97.0.4692.99, chrome: {chromedriverVersion: 97.0.4692.71 (adefa7837d02a..., userDataDir: C:\Users\meday\AppData\Loca...}, goog:chromeOptions: {debuggerAddress: localhost:60923}, javascriptEnabled: true, networkConnectionEnabled: false, pageLoadStrategy: normal, platform: WINDOWS, platformName: WINDOWS, proxy: Proxy(), setWindowRect: true, strictFileInteractability: false, timeouts: {implicit: 0, pageLoad: 300000, script: 30000}, unhandledPromptBehavior: dismiss and notify, webauthn:extension:credBlob: true, webauthn:extension:largeBlob: true, webauthn:virtualAuthenticators: true}
Session ID: 6344eeb07fdeafd09cb4c063ad5affeb]]>
            </message>
            <full-stacktrace>
              <![CDATA[org.openqa.selenium.StaleElementReferenceException: stale element reference: element is not attached to the page document
  (Session info: chrome=97.0.4692.99)
For documentation on this error, please visit: https://selenium.dev/exceptions/#stale_element_reference
Build info: version: '4.0.0-alpha-5', revision: 'b3a0d621cc'
System info: host: 'MAYMANAF', ip: '192.168.100.17', os.name: 'Windows 10', os.arch: 'amd64', os.version: '10.0', java.version: '15.0.2'
Driver info: org.openqa.selenium.chrome.ChromeDriver
Capabilities {acceptInsecureCerts: false, browserName: chrome, browserVersion: 97.0.4692.99, chrome: {chromedriverVersion: 97.0.4692.71 (adefa7837d02a..., userDataDir: C:\Users\meday\AppData\Loca...}, goog:chromeOptions: {debuggerAddress: localhost:60923}, javascriptEnabled: true, networkConnectionEnabled: false, pageLoadStrategy: normal, platform: WINDOWS, platformName: WINDOWS, proxy: Proxy(), setWindowRect: true, strictFileInteractability: false, timeouts: {implicit: 0, pageLoad: 300000, script: 30000}, unhandledPromptBehavior: dismiss and notify, webauthn:extension:credBlob: true, webauthn:extension:largeBlob: true, webauthn:virtualAuthenticators: true}
Session ID: 6344eeb07fdeafd09cb4c063ad5affeb
at java.base/jdk.internal.reflect.NativeConstructorAccessorImpl.newInstance0(Native Method)
at java.base/jdk.internal.reflect.NativeConstructorAccessorImpl.newInstance(NativeConstructorAccessorImpl.java:64)
at java.base/jdk.internal.reflect.DelegatingConstructorAccessorImpl.newInstance(DelegatingConstructorAccessorImpl.java:45)
at java.base/java.lang.reflect.Constructor.newInstanceWithCaller(Constructor.java:500)
at java.base/java.lang.reflect.Constructor.newInstance(Constructor.java:481)
at org.openqa.selenium.remote.codec.w3c.W3CHttpResponseCodec.createException(W3CHttpResponseCodec.java:196)
at org.openqa.selenium.remote.codec.w3c.W3CHttpResponseCodec.decode(W3CHttpResponseCodec.java:129)
at org.openqa.selenium.remote.codec.w3c.W3CHttpResponseCodec.decode(W3CHttpResponseCodec.java:53)
at org.openqa.selenium.remote.HttpCommandExecutor.execute(HttpCommandExecutor.java:161)
at org.openqa.selenium.remote.service.DriverCommandExecutor.execute(DriverCommandExecutor.java:83)
at org.openqa.selenium.remote.RemoteWebDriver.execute(RemoteWebDriver.java:582)
at org.openqa.selenium.remote.RemoteWebElement.execute(RemoteWebElement.java:316)
at org.openqa.selenium.remote.RemoteWebElement.getText(RemoteWebElement.java:181)
at com.expertteam.ImproveSW.CursusTest.SelectElementofNosCursusTest(CursusTest.java:60)
at java.base/jdk.internal.reflect.NativeMethodAccessorImpl.invoke0(Native Method)
at java.base/jdk.internal.reflect.NativeMethodAccessorImpl.invoke(NativeMethodAccessorImpl.java:64)
at java.base/jdk.internal.reflect.DelegatingMethodAccessorImpl.invoke(DelegatingMethodAccessorImpl.java:43)
at java.base/java.lang.reflect.Method.invoke(Method.java:564)
at org.testng.internal.invokers.MethodInvocationHelper.invokeMethod(MethodInvocationHelper.java:135)
at org.testng.internal.invokers.TestInvoker.invokeMethod(TestInvoker.java:673)
at org.testng.internal.invokers.TestInvoker.invokeTestMethod(TestInvoker.java:220)
at org.testng.internal.invokers.MethodRunner.runInSequence(MethodRunner.java:50)
at org.testng.internal.invokers.TestInvoker$MethodInvocationAgent.invoke(TestInvoker.java:945)
at org.testng.internal.invokers.TestInvoker.invokeTestMethods(TestInvoker.java:193)
at org.testng.internal.invokers.TestMethodWorker.invokeTestMethods(TestMethodWorker.java:146)
at org.testng.internal.invokers.TestMethodWorker.run(TestMethodWorker.java:128)
at java.base/java.util.ArrayList.forEach(ArrayList.java:1511)
at org.testng.TestRunner.privateRun(TestRunner.java:808)
at org.testng.TestRunner.run(TestRunner.java:603)
at org.testng.SuiteRunner.runTest(SuiteRunner.java:429)
at org.testng.SuiteRunner.runSequentially(SuiteRunner.java:423)
at org.testng.SuiteRunner.privateRun(SuiteRunner.java:383)
at org.testng.SuiteRunner.run(SuiteRunner.java:326)
at org.testng.SuiteRunnerWorker.runSuite(SuiteRunnerWorker.java:52)
at org.testng.SuiteRunnerWorker.run(SuiteRunnerWorker.java:95)
at org.testng.TestNG.runSuitesSequentially(TestNG.java:1249)
at org.testng.TestNG.runSuitesLocally(TestNG.java:1169)
at org.testng.TestNG.runSuites(TestNG.java:1092)
at org.testng.TestNG.run(TestNG.java:1060)
at org.testng.remote.AbstractRemoteTestNG.run(AbstractRemoteTestNG.java:115)
at org.testng.remote.RemoteTestNG.initAndRun(RemoteTestNG.java:251)
at org.testng.remote.RemoteTestNG.main(RemoteTestNG.java:77)
]]>
            </full-stacktrace>
          </exception> <!-- org.openqa.selenium.StaleElementReferenceException -->
          <reporter-output>
          </reporter-output>
        </test-method> <!-- SelectElementofNosCursusTest -->
        <test-method is-config="true" signature="tearDown(org.testng.ITestResult)[pri:0, instance:com.expertteam.ImproveSW.CursusTest@3e11f9e9]" started-at="2022-01-27T14:42:32 GMT+01:00" name="tearDown" finished-at="2022-01-27T14:42:32 GMT+01:00" duration-ms="181" status="PASS">
          <params>
            <param index="0">
              <value>
                <![CDATA[[TestResult name=SelectElementofNosCursusTest status=FAILURE method=CursusTest.SelectElementofNosCursusTest()[pri:0, instance:com.expertteam.ImproveSW.CursusTest@3e11f9e9] output={null}]]]>
              </value>
            </param>
          </params>
          <reporter-output>
            <line>
              <![CDATA[Browser closed]]>
            </line>
          </reporter-output>
        </test-method> <!-- tearDown -->
      </class> <!-- com.expertteam.ImproveSW.CursusTest -->
    </test> <!-- Default test -->
  </suite> <!-- Default suite -->
</testng-results>
