<?xml version="1.0" encoding="UTF-8"?>
<testng-results ignored="0" total="2" passed="1" failed="1" skipped="0">
  <reporter-output>
    <line>
      <![CDATA[Driver got initialized]]>
    </line>
    <line>
      <![CDATA[Quote Page is opened]]>
    </line>
    <line>
      <![CDATA[Particular is selected]]>
    </line>
    <line>
      <![CDATA[Subject to TVA is selected]]>
    </line>
    <line>
      <![CDATA[Curriculum is selected]]>
    </line>
    <line>
      <![CDATA[The number of participants is entered]]>
    </line>
    <line>
      <![CDATA[Intra-Company is selected]]>
    </line>
    <line>
      <![CDATA[Desired Date is setted]]>
    </line>
    <line>
      <![CDATA[The Full Name is setted]]>
    </line>
    <line>
      <![CDATA[The Phone number is setted]]>
    </line>
    <line>
      <![CDATA[The Email address is setted]]>
    </line>
    <line>
      <![CDATA[The job is selected]]>
    </line>
    <line>
      <![CDATA[The Company title is selected]]>
    </line>
    <line>
      <![CDATA[The contact mail is selected]]>
    </line>
    <line>
      <![CDATA[The contact phone is selected]]>
    </line>
    <line>
      <![CDATA[The direct contact is selected]]>
    </line>
    <line>
      <![CDATA[Send button is clicked]]>
    </line>
    <line>
      <![CDATA[Browser closed]]>
    </line>
    <line>
      <![CDATA[Driver got initialized]]>
    </line>
    <line>
      <![CDATA[Quote Page is opened]]>
    </line>
    <line>
      <![CDATA[Browser closed]]>
    </line>
  </reporter-output>
  <suite started-at="2022-01-26T14:20:32 GMT+01:00" name="Default suite" finished-at="2022-01-26T14:20:54 GMT+01:00" duration-ms="22054">
    <groups>
    </groups>
    <test started-at="2022-01-26T14:20:32 GMT+01:00" name="Default test" finished-at="2022-01-26T14:20:54 GMT+01:00" duration-ms="22054">
      <class name="com.expertteam.ImproveSW.DevisTest">
        <test-method is-config="true" signature="setUpChrome()[pri:0, instance:com.expertteam.ImproveSW.DevisTest@3e11f9e9]" started-at="2022-01-26T14:20:32 GMT+01:00" name="setUpChrome" finished-at="2022-01-26T14:20:36 GMT+01:00" duration-ms="4037" status="PASS">
          <reporter-output>
            <line>
              <![CDATA[Driver got initialized]]>
            </line>
          </reporter-output>
        </test-method> <!-- setUpChrome -->
        <test-method signature="DemandeDevisTest()[pri:0, instance:com.expertteam.ImproveSW.DevisTest@3e11f9e9]" started-at="2022-01-26T14:20:36 GMT+01:00" name="DemandeDevisTest" finished-at="2022-01-26T14:20:40 GMT+01:00" duration-ms="3759" status="FAIL">
          <exception class="java.lang.AssertionError">
            <message>
              <![CDATA[Element(s) is not selected expected [2] but found [1]]]>
            </message>
            <full-stacktrace>
              <![CDATA[java.lang.AssertionError: Element(s) is not selected expected [2] but found [1]
at org.testng.Assert.fail(Assert.java:110)
at org.testng.Assert.failNotEquals(Assert.java:1413)
at org.testng.Assert.assertEqualsImpl(Assert.java:149)
at org.testng.Assert.assertEquals(Assert.java:131)
at org.testng.Assert.assertEquals(Assert.java:1240)
at com.expertteam.ImproveSW.DevisTest.DemandeDevisTest(DevisTest.java:78)
at java.base/jdk.internal.reflect.NativeMethodAccessorImpl.invoke0(Native Method)
at java.base/jdk.internal.reflect.NativeMethodAccessorImpl.invoke(NativeMethodAccessorImpl.java:64)
at java.base/jdk.internal.reflect.DelegatingMethodAccessorImpl.invoke(DelegatingMethodAccessorImpl.java:43)
at java.base/java.lang.reflect.Method.invoke(Method.java:564)
at org.testng.internal.invokers.MethodInvocationHelper.invokeMethod(MethodInvocationHelper.java:135)
at org.testng.internal.invokers.TestInvoker.invokeMethod(TestInvoker.java:673)
at org.testng.internal.invokers.TestInvoker.invokeTestMethod(TestInvoker.java:220)
at org.testng.internal.invokers.MethodRunner.runInSequence(MethodRunner.java:50)
at org.testng.internal.invokers.TestInvoker$MethodInvocationAgent.invoke(TestInvoker.java:945)
at org.testng.internal.invokers.TestInvoker.invokeTestMethods(TestInvoker.java:193)
at org.testng.internal.invokers.TestMethodWorker.invokeTestMethods(TestMethodWorker.java:146)
at org.testng.internal.invokers.TestMethodWorker.run(TestMethodWorker.java:128)
at java.base/java.util.ArrayList.forEach(ArrayList.java:1511)
at org.testng.TestRunner.privateRun(TestRunner.java:808)
at org.testng.TestRunner.run(TestRunner.java:603)
at org.testng.SuiteRunner.runTest(SuiteRunner.java:429)
at org.testng.SuiteRunner.runSequentially(SuiteRunner.java:423)
at org.testng.SuiteRunner.privateRun(SuiteRunner.java:383)
at org.testng.SuiteRunner.run(SuiteRunner.java:326)
at org.testng.SuiteRunnerWorker.runSuite(SuiteRunnerWorker.java:52)
at org.testng.SuiteRunnerWorker.run(SuiteRunnerWorker.java:95)
at org.testng.TestNG.runSuitesSequentially(TestNG.java:1249)
at org.testng.TestNG.runSuitesLocally(TestNG.java:1169)
at org.testng.TestNG.runSuites(TestNG.java:1092)
at org.testng.TestNG.run(TestNG.java:1060)
at org.testng.remote.AbstractRemoteTestNG.run(AbstractRemoteTestNG.java:115)
at org.testng.remote.RemoteTestNG.initAndRun(RemoteTestNG.java:251)
at org.testng.remote.RemoteTestNG.main(RemoteTestNG.java:77)
]]>
            </full-stacktrace>
          </exception> <!-- java.lang.AssertionError -->
          <reporter-output>
            <line>
              <![CDATA[Quote Page is opened]]>
            </line>
            <line>
              <![CDATA[Particular is selected]]>
            </line>
            <line>
              <![CDATA[Subject to TVA is selected]]>
            </line>
            <line>
              <![CDATA[Curriculum is selected]]>
            </line>
            <line>
              <![CDATA[The number of participants is entered]]>
            </line>
            <line>
              <![CDATA[Intra-Company is selected]]>
            </line>
            <line>
              <![CDATA[Desired Date is setted]]>
            </line>
            <line>
              <![CDATA[The Full Name is setted]]>
            </line>
            <line>
              <![CDATA[The Phone number is setted]]>
            </line>
            <line>
              <![CDATA[The Email address is setted]]>
            </line>
            <line>
              <![CDATA[The job is selected]]>
            </line>
            <line>
              <![CDATA[The Company title is selected]]>
            </line>
            <line>
              <![CDATA[The contact mail is selected]]>
            </line>
            <line>
              <![CDATA[The contact phone is selected]]>
            </line>
            <line>
              <![CDATA[The direct contact is selected]]>
            </line>
            <line>
              <![CDATA[Send button is clicked]]>
            </line>
          </reporter-output>
        </test-method> <!-- DemandeDevisTest -->
        <test-method is-config="true" signature="tearDown(org.testng.ITestResult)[pri:0, instance:com.expertteam.ImproveSW.DevisTest@3e11f9e9]" started-at="2022-01-26T14:20:40 GMT+01:00" name="tearDown" finished-at="2022-01-26T14:20:44 GMT+01:00" duration-ms="4198" status="PASS">
          <params>
            <param index="0">
              <value>
                <![CDATA[[TestResult name=DemandeDevisTest status=FAILURE method=DevisTest.DemandeDevisTest()[pri:0, instance:com.expertteam.ImproveSW.DevisTest@3e11f9e9] output=Quote Page is opened]]]>
              </value>
            </param>
          </params>
          <reporter-output>
            <line>
              <![CDATA[Browser closed]]>
            </line>
          </reporter-output>
        </test-method> <!-- tearDown -->
        <test-method is-config="true" signature="setUpChrome()[pri:0, instance:com.expertteam.ImproveSW.DevisTest@3e11f9e9]" started-at="2022-01-26T14:20:44 GMT+01:00" name="setUpChrome" finished-at="2022-01-26T14:20:48 GMT+01:00" duration-ms="3467" status="PASS">
          <reporter-output>
            <line>
              <![CDATA[Driver got initialized]]>
            </line>
          </reporter-output>
        </test-method> <!-- setUpChrome -->
        <test-method signature="DemandeDevisTestError()[pri:1, instance:com.expertteam.ImproveSW.DevisTest@3e11f9e9]" started-at="2022-01-26T14:20:48 GMT+01:00" name="DemandeDevisTestError" finished-at="2022-01-26T14:20:50 GMT+01:00" duration-ms="2492" status="PASS">
          <reporter-output>
            <line>
              <![CDATA[Quote Page is opened]]>
            </line>
          </reporter-output>
        </test-method> <!-- DemandeDevisTestError -->
        <test-method is-config="true" signature="tearDown(org.testng.ITestResult)[pri:0, instance:com.expertteam.ImproveSW.DevisTest@3e11f9e9]" started-at="2022-01-26T14:20:50 GMT+01:00" name="tearDown" finished-at="2022-01-26T14:20:54 GMT+01:00" duration-ms="4066" status="PASS">
          <params>
            <param index="0">
              <value>
                <![CDATA[[TestResult name=DemandeDevisTestError status=SUCCESS method=DevisTest.DemandeDevisTestError()[pri:1, instance:com.expertteam.ImproveSW.DevisTest@3e11f9e9] output=Quote Page is opened]]]>
              </value>
            </param>
          </params>
          <reporter-output>
            <line>
              <![CDATA[Browser closed]]>
            </line>
          </reporter-output>
        </test-method> <!-- tearDown -->
      </class> <!-- com.expertteam.ImproveSW.DevisTest -->
    </test> <!-- Default test -->
  </suite> <!-- Default suite -->
</testng-results>
